This is pdfTeX, Version 3.1415926-2.5-1.40.14 (TeX Live 2013) (format=pdflatex 2013.8.6)  3 NOV 2013 10:02
entering extended mode
 restricted \write18 enabled.
 %&-line parsing enabled.
**belt
(./belt.tex
LaTeX2e <2011/06/27>
Babel <3.9f> and hyphenation patterns for 21 languages loaded.
(/usr/local/texlive/2013basic/texmf-dist/tex/latex/achemso/achemso.cls
Document Class: achemso 2013/10/04 v3.8d Submission to ACS journals
(/usr/local/texlive/2013basic/texmf-dist/tex/latex/base/article.cls
Document Class: article 2007/10/19 v1.4h Standard LaTeX document class
(/usr/local/texlive/2013basic/texmf-dist/tex/latex/base/size12.clo
File: size12.clo 2007/10/19 v1.4h Standard LaTeX file (size option)
)
\c@part=\count79
\c@section=\count80
\c@subsection=\count81
\c@subsubsection=\count82
\c@paragraph=\count83
\c@subparagraph=\count84
\c@figure=\count85
\c@table=\count86
\abovecaptionskip=\skip41
\belowcaptionskip=\skip42
\bibindent=\dimen102
)
(/usr/local/texlive/2013basic/texmf-dist/tex/latex/xkeyval/xkeyval.sty
Package: xkeyval 2012/10/14 v2.6b package option processing (HA)

(/usr/local/texlive/2013basic/texmf-dist/tex/generic/xkeyval/xkeyval.tex
\XKV@toks=\toks14
\XKV@tempa@toks=\toks15
\XKV@depth=\count87
File: xkeyval.tex 2012/10/14 v2.6b key=value parser (HA)

(/usr/local/texlive/2013basic/texmf-dist/tex/generic/xkeyval/keyval.tex)))
\acs@bib@file=\write3
\c@bibnote=\count88

(/usr/local/texlive/2013basic/texmf-dist/tex/latex/geometry/geometry.sty
Package: geometry 2010/09/12 v5.6 Page Geometry

(/usr/local/texlive/2013basic/texmf-dist/tex/generic/oberdiek/ifpdf.sty
Package: ifpdf 2011/01/30 v2.3 Provides the ifpdf switch (HO)
Package ifpdf Info: pdfTeX in PDF mode is detected.
)
(/usr/local/texlive/2013basic/texmf-dist/tex/generic/oberdiek/ifvtex.sty
Package: ifvtex 2010/03/01 v1.5 Detect VTeX and its facilities (HO)
Package ifvtex Info: VTeX not detected.
)
(/usr/local/texlive/2013basic/texmf-dist/tex/generic/ifxetex/ifxetex.sty
Package: ifxetex 2010/09/12 v0.6 Provides ifxetex conditional
)
\Gm@cnth=\count89
\Gm@cntv=\count90
\c@Gm@tempcnt=\count91
\Gm@bindingoffset=\dimen103
\Gm@wd@mp=\dimen104
\Gm@odd@mp=\dimen105
\Gm@even@mp=\dimen106
\Gm@layoutwidth=\dimen107
\Gm@layoutheight=\dimen108
\Gm@layouthoffset=\dimen109
\Gm@layoutvoffset=\dimen110
\Gm@dimlist=\toks16
)
(/usr/local/texlive/2013basic/texmf-dist/tex/latex/caption/caption.sty
Package: caption 2013/05/02 v3.3-89 Customizing captions (AR)

(/usr/local/texlive/2013basic/texmf-dist/tex/latex/caption/caption3.sty
Package: caption3 2013/05/02 v1.6-88 caption3 kernel (AR)
Package caption3 Info: TeX engine: e-TeX on input line 57.
\captionmargin=\dimen111
\captionmargin@=\dimen112
\captionwidth=\dimen113
\caption@tempdima=\dimen114
\caption@indent=\dimen115
\caption@parindent=\dimen116
\caption@hangindent=\dimen117
)
\c@ContinuedFloat=\count92
)
(/usr/local/texlive/2013basic/texmf-dist/tex/latex/float/float.sty
Package: float 2001/11/08 v1.3d Float enhancements (AL)
\c@float@type=\count93
\float@exts=\toks17
\float@box=\box26
\@float@everytoks=\toks18
\@floatcapt=\box27
)
(/usr/local/texlive/2013basic/texmf-dist/tex/latex/graphics/graphicx.sty
Package: graphicx 1999/02/16 v1.0f Enhanced LaTeX Graphics (DPC,SPQR)

(/usr/local/texlive/2013basic/texmf-dist/tex/latex/graphics/graphics.sty
Package: graphics 2009/02/05 v1.0o Standard LaTeX Graphics (DPC,SPQR)

(/usr/local/texlive/2013basic/texmf-dist/tex/latex/graphics/trig.sty
Package: trig 1999/03/16 v1.09 sin cos tan (DPC)
)
(/usr/local/texlive/2013basic/texmf-dist/tex/latex/latexconfig/graphics.cfg
File: graphics.cfg 2010/04/23 v1.9 graphics configuration of TeX Live
)
Package graphics Info: Driver file: pdftex.def on input line 91.

(/usr/local/texlive/2013basic/texmf-dist/tex/latex/pdftex-def/pdftex.def
File: pdftex.def 2011/05/27 v0.06d Graphics/color for pdfTeX

(/usr/local/texlive/2013basic/texmf-dist/tex/generic/oberdiek/infwarerr.sty
Package: infwarerr 2010/04/08 v1.3 Providing info/warning/error messages (HO)
)
(/usr/local/texlive/2013basic/texmf-dist/tex/generic/oberdiek/ltxcmds.sty
Package: ltxcmds 2011/11/09 v1.22 LaTeX kernel commands for general use (HO)
)
\Gread@gobject=\count94
))
\Gin@req@height=\dimen118
\Gin@req@width=\dimen119
)
(/usr/local/texlive/2013basic/texmf-dist/tex/latex/setspace/setspace.sty
Package: setspace 2011/12/19 v6.7a set line spacing
)
(/usr/local/texlive/2013basic/texmf-dist/tex/latex/url/url.sty
\Urlmuskip=\muskip10
Package: url 2006/04/12  ver 3.3  Verb mode for urls, etc.
)
\acs@author@cnt=\count95
\acs@affil@cnt=\count96
\acs@affil@alt@cnt=\count97
\acs@footnote@cnt=\count98
\acs@affil@marker@cnt=\count99
\acs@space@pre@title=\skip43
\acs@space@post@title=\skip44
\acs@space@post@author=\skip45
\acs@space@post@address=\skip46
\acs@space@post@email=\skip47
\acs@maketitle@width=\skip48
\@float@every@scheme=\toks19
\c@scheme=\count100
\@float@every@chart=\toks20
\c@chart=\count101
\@float@every@graph=\toks21
\c@graph=\count102
\@float@every@table=\toks22
\acs@collect@toks=\toks23
\acs@collect@empty@toks=\toks24
\acs@tocentry@height=\skip49
\acs@tocentry@width=\skip50

(/usr/local/texlive/2013basic/texmf-dist/tex/latex/achemso/config/jacsat.cfg
File: jacsat.cfg 2013/10/04 v3.8d achemso configuration: J. Am. Chem. Soc.
)
(/usr/local/texlive/2013basic/texmf-dist/tex/latex/natbib/natbib.sty
Package: natbib 2010/09/13 8.31b (PWD, AO)
\bibhang=\skip51
\bibsep=\skip52
LaTeX Info: Redefining \cite on input line 694.
\c@NAT@ctr=\count103
)
(/usr/local/texlive/2013basic/texmf-dist/tex/latex/achemso/natmove.sty
Package: natmove 2010/01/15 v1.1a Automatic citation moving with natbib
))
(/usr/local/texlive/2013basic/texmf-dist/tex/latex/base/inputenc.sty
Package: inputenc 2008/03/30 v1.1d Input encoding file
\inpenc@prehook=\toks25
\inpenc@posthook=\toks26

(/usr/local/texlive/2013basic/texmf-dist/tex/latex/base/utf8.def
File: utf8.def 2008/04/05 v1.1m UTF-8 support for inputenc
Now handling font encoding OML ...
... no UTF-8 mapping file for font encoding OML
Now handling font encoding T1 ...
... processing UTF-8 mapping file for font encoding T1

(/usr/local/texlive/2013basic/texmf-dist/tex/latex/base/t1enc.dfu
File: t1enc.dfu 2008/04/05 v1.1m UTF-8 support for inputenc
   defining Unicode char U+00A1 (decimal 161)
   defining Unicode char U+00A3 (decimal 163)
   defining Unicode char U+00AB (decimal 171)
   defining Unicode char U+00BB (decimal 187)
   defining Unicode char U+00BF (decimal 191)
   defining Unicode char U+00C0 (decimal 192)
   defining Unicode char U+00C1 (decimal 193)
   defining Unicode char U+00C2 (decimal 194)
   defining Unicode char U+00C3 (decimal 195)
   defining Unicode char U+00C4 (decimal 196)
   defining Unicode char U+00C5 (decimal 197)
   defining Unicode char U+00C6 (decimal 198)
   defining Unicode char U+00C7 (decimal 199)
   defining Unicode char U+00C8 (decimal 200)
   defining Unicode char U+00C9 (decimal 201)
   defining Unicode char U+00CA (decimal 202)
   defining Unicode char U+00CB (decimal 203)
   defining Unicode char U+00CC (decimal 204)
   defining Unicode char U+00CD (decimal 205)
   defining Unicode char U+00CE (decimal 206)
   defining Unicode char U+00CF (decimal 207)
   defining Unicode char U+00D0 (decimal 208)
   defining Unicode char U+00D1 (decimal 209)
   defining Unicode char U+00D2 (decimal 210)
   defining Unicode char U+00D3 (decimal 211)
   defining Unicode char U+00D4 (decimal 212)
   defining Unicode char U+00D5 (decimal 213)
   defining Unicode char U+00D6 (decimal 214)
   defining Unicode char U+00D8 (decimal 216)
   defining Unicode char U+00D9 (decimal 217)
   defining Unicode char U+00DA (decimal 218)
   defining Unicode char U+00DB (decimal 219)
   defining Unicode char U+00DC (decimal 220)
   defining Unicode char U+00DD (decimal 221)
   defining Unicode char U+00DE (decimal 222)
   defining Unicode char U+00DF (decimal 223)
   defining Unicode char U+00E0 (decimal 224)
   defining Unicode char U+00E1 (decimal 225)
   defining Unicode char U+00E2 (decimal 226)
   defining Unicode char U+00E3 (decimal 227)
   defining Unicode char U+00E4 (decimal 228)
   defining Unicode char U+00E5 (decimal 229)
   defining Unicode char U+00E6 (decimal 230)
   defining Unicode char U+00E7 (decimal 231)
   defining Unicode char U+00E8 (decimal 232)
   defining Unicode char U+00E9 (decimal 233)
   defining Unicode char U+00EA (decimal 234)
   defining Unicode char U+00EB (decimal 235)
   defining Unicode char U+00EC (decimal 236)
   defining Unicode char U+00ED (decimal 237)
   defining Unicode char U+00EE (decimal 238)
   defining Unicode char U+00EF (decimal 239)
   defining Unicode char U+00F0 (decimal 240)
   defining Unicode char U+00F1 (decimal 241)
   defining Unicode char U+00F2 (decimal 242)
   defining Unicode char U+00F3 (decimal 243)
   defining Unicode char U+00F4 (decimal 244)
   defining Unicode char U+00F5 (decimal 245)
   defining Unicode char U+00F6 (decimal 246)
   defining Unicode char U+00F8 (decimal 248)
   defining Unicode char U+00F9 (decimal 249)
   defining Unicode char U+00FA (decimal 250)
   defining Unicode char U+00FB (decimal 251)
   defining Unicode char U+00FC (decimal 252)
   defining Unicode char U+00FD (decimal 253)
   defining Unicode char U+00FE (decimal 254)
   defining Unicode char U+00FF (decimal 255)
   defining Unicode char U+0102 (decimal 258)
   defining Unicode char U+0103 (decimal 259)
   defining Unicode char U+0104 (decimal 260)
   defining Unicode char U+0105 (decimal 261)
   defining Unicode char U+0106 (decimal 262)
   defining Unicode char U+0107 (decimal 263)
   defining Unicode char U+010C (decimal 268)
   defining Unicode char U+010D (decimal 269)
   defining Unicode char U+010E (decimal 270)
   defining Unicode char U+010F (decimal 271)
   defining Unicode char U+0110 (decimal 272)
   defining Unicode char U+0111 (decimal 273)
   defining Unicode char U+0118 (decimal 280)
   defining Unicode char U+0119 (decimal 281)
   defining Unicode char U+011A (decimal 282)
   defining Unicode char U+011B (decimal 283)
   defining Unicode char U+011E (decimal 286)
   defining Unicode char U+011F (decimal 287)
   defining Unicode char U+0130 (decimal 304)
   defining Unicode char U+0131 (decimal 305)
   defining Unicode char U+0132 (decimal 306)
   defining Unicode char U+0133 (decimal 307)
   defining Unicode char U+0139 (decimal 313)
   defining Unicode char U+013A (decimal 314)
   defining Unicode char U+013D (decimal 317)
   defining Unicode char U+013E (decimal 318)
   defining Unicode char U+0141 (decimal 321)
   defining Unicode char U+0142 (decimal 322)
   defining Unicode char U+0143 (decimal 323)
   defining Unicode char U+0144 (decimal 324)
   defining Unicode char U+0147 (decimal 327)
   defining Unicode char U+0148 (decimal 328)
   defining Unicode char U+014A (decimal 330)
   defining Unicode char U+014B (decimal 331)
   defining Unicode char U+0150 (decimal 336)
   defining Unicode char U+0151 (decimal 337)
   defining Unicode char U+0152 (decimal 338)
   defining Unicode char U+0153 (decimal 339)
   defining Unicode char U+0154 (decimal 340)
   defining Unicode char U+0155 (decimal 341)
   defining Unicode char U+0158 (decimal 344)
   defining Unicode char U+0159 (decimal 345)
   defining Unicode char U+015A (decimal 346)
   defining Unicode char U+015B (decimal 347)
   defining Unicode char U+015E (decimal 350)
   defining Unicode char U+015F (decimal 351)
   defining Unicode char U+0160 (decimal 352)
   defining Unicode char U+0161 (decimal 353)
   defining Unicode char U+0162 (decimal 354)
   defining Unicode char U+0163 (decimal 355)
   defining Unicode char U+0164 (decimal 356)
   defining Unicode char U+0165 (decimal 357)
   defining Unicode char U+016E (decimal 366)
   defining Unicode char U+016F (decimal 367)
   defining Unicode char U+0170 (decimal 368)
   defining Unicode char U+0171 (decimal 369)
   defining Unicode char U+0178 (decimal 376)
   defining Unicode char U+0179 (decimal 377)
   defining Unicode char U+017A (decimal 378)
   defining Unicode char U+017B (decimal 379)
   defining Unicode char U+017C (decimal 380)
   defining Unicode char U+017D (decimal 381)
   defining Unicode char U+017E (decimal 382)
   defining Unicode char U+200C (decimal 8204)
   defining Unicode char U+2013 (decimal 8211)
   defining Unicode char U+2014 (decimal 8212)
   defining Unicode char U+2018 (decimal 8216)
   defining Unicode char U+2019 (decimal 8217)
   defining Unicode char U+201A (decimal 8218)
   defining Unicode char U+201C (decimal 8220)
   defining Unicode char U+201D (decimal 8221)
   defining Unicode char U+201E (decimal 8222)
   defining Unicode char U+2030 (decimal 8240)
   defining Unicode char U+2031 (decimal 8241)
   defining Unicode char U+2039 (decimal 8249)
   defining Unicode char U+203A (decimal 8250)
   defining Unicode char U+2423 (decimal 9251)
)
Now handling font encoding OT1 ...
... processing UTF-8 mapping file for font encoding OT1

(/usr/local/texlive/2013basic/texmf-dist/tex/latex/base/ot1enc.dfu
File: ot1enc.dfu 2008/04/05 v1.1m UTF-8 support for inputenc
   defining Unicode char U+00A1 (decimal 161)
   defining Unicode char U+00A3 (decimal 163)
   defining Unicode char U+00B8 (decimal 184)
   defining Unicode char U+00BF (decimal 191)
   defining Unicode char U+00C5 (decimal 197)
   defining Unicode char U+00C6 (decimal 198)
   defining Unicode char U+00D8 (decimal 216)
   defining Unicode char U+00DF (decimal 223)
   defining Unicode char U+00E6 (decimal 230)
   defining Unicode char U+00EC (decimal 236)
   defining Unicode char U+00ED (decimal 237)
   defining Unicode char U+00EE (decimal 238)
   defining Unicode char U+00EF (decimal 239)
   defining Unicode char U+00F8 (decimal 248)
   defining Unicode char U+0131 (decimal 305)
   defining Unicode char U+0141 (decimal 321)
   defining Unicode char U+0142 (decimal 322)
   defining Unicode char U+0152 (decimal 338)
   defining Unicode char U+0153 (decimal 339)
   defining Unicode char U+2013 (decimal 8211)
   defining Unicode char U+2014 (decimal 8212)
   defining Unicode char U+2018 (decimal 8216)
   defining Unicode char U+2019 (decimal 8217)
   defining Unicode char U+201C (decimal 8220)
   defining Unicode char U+201D (decimal 8221)
)
Now handling font encoding OMS ...
... processing UTF-8 mapping file for font encoding OMS

(/usr/local/texlive/2013basic/texmf-dist/tex/latex/base/omsenc.dfu
File: omsenc.dfu 2008/04/05 v1.1m UTF-8 support for inputenc
   defining Unicode char U+00A7 (decimal 167)
   defining Unicode char U+00B6 (decimal 182)
   defining Unicode char U+00B7 (decimal 183)
   defining Unicode char U+2020 (decimal 8224)
   defining Unicode char U+2021 (decimal 8225)
   defining Unicode char U+2022 (decimal 8226)
)
Now handling font encoding OMX ...
... no UTF-8 mapping file for font encoding OMX
Now handling font encoding U ...
... no UTF-8 mapping file for font encoding U
   defining Unicode char U+00A9 (decimal 169)
   defining Unicode char U+00AA (decimal 170)
   defining Unicode char U+00AE (decimal 174)
   defining Unicode char U+00BA (decimal 186)
   defining Unicode char U+02C6 (decimal 710)
   defining Unicode char U+02DC (decimal 732)
   defining Unicode char U+200C (decimal 8204)
   defining Unicode char U+2026 (decimal 8230)
   defining Unicode char U+2122 (decimal 8482)
   defining Unicode char U+2423 (decimal 9251)
))
(/usr/local/texlive/2013basic/texmf-dist/tex/latex/csquotes/csquotes.sty
Package: csquotes 2011/10/22 v5.1d context-sensitive quotations

(/usr/local/texlive/2013basic/texmf-dist/tex/latex/etoolbox/etoolbox.sty
Package: etoolbox 2011/01/03 v2.1 e-TeX tools for LaTeX

(/usr/local/texlive/2013basic/texmf-dist/tex/latex/etex-pkg/etex.sty
Package: etex 1998/03/26 v2.0 eTeX basic definition package (PEB)
\et@xins=\count104
)
\etb@tempcnta=\count105
)
\csq@reset=\count106
\csq@gtype=\count107
\csq@glevel=\count108
\csq@qlevel=\count109
\csq@maxlvl=\count110
\csq@tshold=\count111
\csq@ltx@everypar=\toks27

(/usr/local/texlive/2013basic/texmf-dist/tex/latex/csquotes/csquotes.def
File: csquotes.def 2011/10/22 v5.1d csquotes generic definitions
)
Package csquotes Info: Trying to load configuration file 'csquotes.cfg'...
Package csquotes Info: ... configuration file loaded successfully.

(/usr/local/texlive/2013basic/texmf-dist/tex/latex/csquotes/csquotes.cfg
File: csquotes.cfg 
))
(/usr/local/texlive/2013basic/texmf-dist/tex/latex/subfigure/subfigure.sty
Package: subfigure 2002/03/15 v2.1.5 subfigure package
\subfigtopskip=\skip53
\subfigcapskip=\skip54
\subfigcaptopadj=\dimen120
\subfigbottomskip=\skip55
\subfigcapmargin=\dimen121
\subfiglabelskip=\skip56
\c@subfigure=\count112
\c@lofdepth=\count113
\c@subtable=\count114
\c@lotdepth=\count115

****************************************
* Local config file subfigure.cfg used *
****************************************
(/usr/local/texlive/2013basic/texmf-dist/tex/latex/subfigure/subfigure.cfg)
\subfig@top=\skip57
\subfig@bottom=\skip58
)
(/usr/local/texlive/2013basic/texmf-dist/tex/latex/amsfonts/amssymb.sty
Package: amssymb 2013/01/14 v3.01 AMS font symbols

(/usr/local/texlive/2013basic/texmf-dist/tex/latex/amsfonts/amsfonts.sty
Package: amsfonts 2013/01/14 v3.01 Basic AMSFonts support
\@emptytoks=\toks28
\symAMSa=\mathgroup4
\symAMSb=\mathgroup5
LaTeX Font Info:    Overwriting math alphabet `\mathfrak' in version `bold'
(Font)                  U/euf/m/n --> U/euf/b/n on input line 106.
))
(/usr/local/texlive/2013basic/texmf-dist/tex/latex/amsmath/amsmath.sty
Package: amsmath 2013/01/14 v2.14 AMS math features
\@mathmargin=\skip59

For additional information on amsmath, use the `?' option.
(/usr/local/texlive/2013basic/texmf-dist/tex/latex/amsmath/amstext.sty
Package: amstext 2000/06/29 v2.01

(/usr/local/texlive/2013basic/texmf-dist/tex/latex/amsmath/amsgen.sty
File: amsgen.sty 1999/11/30 v2.0
\@emptytoks=\toks29
\ex@=\dimen122
))
(/usr/local/texlive/2013basic/texmf-dist/tex/latex/amsmath/amsbsy.sty
Package: amsbsy 1999/11/29 v1.2d
\pmbraise@=\dimen123
)
(/usr/local/texlive/2013basic/texmf-dist/tex/latex/amsmath/amsopn.sty
Package: amsopn 1999/12/14 v2.01 operator names
)
\inf@bad=\count116
LaTeX Info: Redefining \frac on input line 210.
\uproot@=\count117
\leftroot@=\count118
LaTeX Info: Redefining \overline on input line 306.
\classnum@=\count119
\DOTSCASE@=\count120
LaTeX Info: Redefining \ldots on input line 378.
LaTeX Info: Redefining \dots on input line 381.
LaTeX Info: Redefining \cdots on input line 466.
\Mathstrutbox@=\box28
\strutbox@=\box29
\big@size=\dimen124
LaTeX Font Info:    Redeclaring font encoding OML on input line 566.
LaTeX Font Info:    Redeclaring font encoding OMS on input line 567.
\macc@depth=\count121
\c@MaxMatrixCols=\count122
\dotsspace@=\muskip11
\c@parentequation=\count123
\dspbrk@lvl=\count124
\tag@help=\toks30
\row@=\count125
\column@=\count126
\maxfields@=\count127
\andhelp@=\toks31
\eqnshift@=\dimen125
\alignsep@=\dimen126
\tagshift@=\dimen127
\tagwidth@=\dimen128
\totwidth@=\dimen129
\lineht@=\dimen130
\@envbody=\toks32
\multlinegap=\skip60
\multlinetaggap=\skip61
\mathdisplay@stack=\toks33
LaTeX Info: Redefining \[ on input line 2665.
LaTeX Info: Redefining \] on input line 2666.
)
(/usr/local/texlive/2013basic/texmf-dist/tex/latex/booktabs/booktabs.sty
Package: booktabs 2005/04/14 v1.61803 publication quality tables
\heavyrulewidth=\dimen131
\lightrulewidth=\dimen132
\cmidrulewidth=\dimen133
\belowrulesep=\dimen134
\belowbottomsep=\dimen135
\aboverulesep=\dimen136
\abovetopsep=\dimen137
\cmidrulesep=\dimen138
\cmidrulekern=\dimen139
\defaultaddspace=\dimen140
\@cmidla=\count128
\@cmidlb=\count129
\@aboverulesep=\dimen141
\@belowrulesep=\dimen142
\@thisruleclass=\count130
\@lastruleclass=\count131
\@thisrulewidth=\dimen143
)
(/usr/local/texlive/2013basic/texmf-dist/tex/latex/tools/multicol.sty
Package: multicol 2011/06/27 v1.7a multicolumn formatting (FMi)
\c@tracingmulticols=\count132
\mult@box=\box30
\multicol@leftmargin=\dimen144
\c@unbalance=\count133
\c@collectmore=\count134
\doublecol@number=\count135
\multicoltolerance=\count136
\multicolpretolerance=\count137
\full@width=\dimen145
\page@free=\dimen146
\premulticols=\dimen147
\postmulticols=\dimen148
\multicolsep=\skip62
\multicolbaselineskip=\skip63
\partial@page=\box31
\last@line=\box32
\mult@rightbox=\box33
\mult@grightbox=\box34
\mult@gfirstbox=\box35
\mult@firstbox=\box36
\@tempa=\box37
\@tempa=\box38
\@tempa=\box39
\@tempa=\box40
\@tempa=\box41
\@tempa=\box42
\@tempa=\box43
\@tempa=\box44
\@tempa=\box45
\@tempa=\box46
\@tempa=\box47
\@tempa=\box48
\@tempa=\box49
\@tempa=\box50
\@tempa=\box51
\@tempa=\box52
\@tempa=\box53
\c@columnbadness=\count138
\c@finalcolumnbadness=\count139
\last@try=\dimen149
\multicolovershoot=\dimen150
\multicolundershoot=\dimen151
\mult@nat@firstbox=\box54
\colbreak@box=\box55
\multicol@sort@counter=\count140
)
(/usr/local/texlive/2013basic/texmf-dist/tex/latex/multirow/multirow.sty
\bigstrutjot=\dimen152
)
Package csquotes Info: Checking for multilingual support...
Package csquotes Info: ... none found.

(./belt.aux)
\openout1 = `belt.aux'.

LaTeX Font Info:    Checking defaults for OML/cmm/m/it on input line 45.
LaTeX Font Info:    ... okay on input line 45.
LaTeX Font Info:    Checking defaults for T1/cmr/m/n on input line 45.
LaTeX Font Info:    ... okay on input line 45.
LaTeX Font Info:    Checking defaults for OT1/cmr/m/n on input line 45.
LaTeX Font Info:    ... okay on input line 45.
LaTeX Font Info:    Checking defaults for OMS/cmsy/m/n on input line 45.
LaTeX Font Info:    ... okay on input line 45.
LaTeX Font Info:    Checking defaults for OMX/cmex/m/n on input line 45.
LaTeX Font Info:    ... okay on input line 45.
LaTeX Font Info:    Checking defaults for U/cmr/m/n on input line 45.
LaTeX Font Info:    ... okay on input line 45.
\openout3 = `acs-belt.bib'.


*geometry* driver: auto-detecting
*geometry* detected driver: pdftex
*geometry* verbose mode - [ preamble ] result:
* driver: pdftex
* paper: <default>
* layout: <same size as paper>
* layoutoffset:(h,v)=(0.0pt,0.0pt)
* modes: 
* h-part:(L,W,R)=(72.2698pt, 469.75539pt, 72.2698pt)
* v-part:(T,H,B)=(72.2698pt, 650.43037pt, 72.2698pt)
* \paperwidth=614.295pt
* \paperheight=794.96999pt
* \textwidth=469.75539pt
* \textheight=650.43037pt
* \oddsidemargin=-0.00018pt
* \evensidemargin=-0.00018pt
* \topmargin=-37.00018pt
* \headheight=12.0pt
* \headsep=25.0pt
* \topskip=12.0pt
* \footskip=30.0pt
* \marginparwidth=44.0pt
* \marginparsep=10.0pt
* \columnsep=10.0pt
* \skip\footins=10.8pt plus 4.0pt minus 2.0pt
* \hoffset=0.0pt
* \voffset=0.0pt
* \mag=1000
* \@twocolumnfalse
* \@twosidefalse
* \@mparswitchfalse
* \@reversemarginfalse
* (1in=72.27pt=25.4mm, 1cm=28.453pt)

Package caption Info: Begin \AtBeginDocument code.
Package caption Info: float package is loaded.
Package caption Info: subfigure package is loaded.
Package caption Info: End \AtBeginDocument code.
(/usr/local/texlive/2013basic/texmf-dist/tex/context/base/supp-pdf.mkii
[Loading MPS to PDF converter (version 2006.09.02).]
\scratchcounter=\count141
\scratchdimen=\dimen153
\scratchbox=\box56
\nofMPsegments=\count142
\nofMParguments=\count143
\everyMPshowfont=\toks34
\MPscratchCnt=\count144
\MPscratchDim=\dimen154
\MPnumerator=\count145
\makeMPintoPDFobject=\count146
\everyMPtoPDFconversion=\toks35
) (/usr/local/texlive/2013basic/texmf-dist/tex/generic/oberdiek/pdftexcmds.sty
Package: pdftexcmds 2011/11/29 v0.20 Utility functions of pdfTeX for LuaTeX (HO
)

(/usr/local/texlive/2013basic/texmf-dist/tex/generic/oberdiek/ifluatex.sty
Package: ifluatex 2010/03/01 v1.3 Provides the ifluatex switch (HO)
Package ifluatex Info: LuaTeX not detected.
)
Package pdftexcmds Info: LuaTeX not detected.
Package pdftexcmds Info: \pdf@primitive is available.
Package pdftexcmds Info: \pdf@ifprimitive is available.
Package pdftexcmds Info: \pdfdraftmode found.
)
(/usr/local/texlive/2013basic/texmf-dist/tex/latex/oberdiek/epstopdf-base.sty
Package: epstopdf-base 2010/02/09 v2.5 Base part for package epstopdf

(/usr/local/texlive/2013basic/texmf-dist/tex/latex/oberdiek/grfext.sty
Package: grfext 2010/08/19 v1.1 Manage graphics extensions (HO)

(/usr/local/texlive/2013basic/texmf-dist/tex/generic/oberdiek/kvdefinekeys.sty
Package: kvdefinekeys 2011/04/07 v1.3 Define keys (HO)
)) (/usr/local/texlive/2013basic/texmf-dist/tex/latex/oberdiek/kvoptions.sty
Package: kvoptions 2011/06/30 v3.11 Key value format for package options (HO)

(/usr/local/texlive/2013basic/texmf-dist/tex/generic/oberdiek/kvsetkeys.sty
Package: kvsetkeys 2012/04/25 v1.16 Key value parser (HO)

(/usr/local/texlive/2013basic/texmf-dist/tex/generic/oberdiek/etexcmds.sty
Package: etexcmds 2011/02/16 v1.5 Avoid name clashes with e-TeX commands (HO)
Package etexcmds Info: Could not find \expanded.
(etexcmds)             That can mean that you are not using pdfTeX 1.50 or
(etexcmds)             that some package has redefined \expanded.
(etexcmds)             In the latter case, load this package earlier.
)))
Package grfext Info: Graphics extension search list:
(grfext)             [.png,.pdf,.jpg,.mps,.jpeg,.jbig2,.jb2,.PNG,.PDF,.JPG,.JPE
G,.JBIG2,.JB2,.eps]
(grfext)             \AppendGraphicsExtensions on input line 452.

(/usr/local/texlive/2013basic/texmf-dist/tex/latex/latexconfig/epstopdf-sys.cfg
File: epstopdf-sys.cfg 2010/07/13 v1.3 Configuration of (r)epstopdf for TeX Liv
e
))
LaTeX Font Info:    Try loading font information for U+msa on input line 45.
 (/usr/local/texlive/2013basic/texmf-dist/tex/latex/amsfonts/umsa.fd
File: umsa.fd 2013/01/14 v3.01 AMS symbols A
)
LaTeX Font Info:    Try loading font information for U+msb on input line 45.

(/usr/local/texlive/2013basic/texmf-dist/tex/latex/amsfonts/umsb.fd
File: umsb.fd 2013/01/14 v3.01 AMS symbols B
) [1

{/usr/local/texlive/2013basic/texmf-var/fonts/map/pdftex/updmap/pdftex.map}] [2
]
[3] <figures/karplus_top_panel_karplus.pdf, id=26, 530.35953pt x 435.21973pt>
File: figures/karplus_top_panel_karplus.pdf Graphic file (type pdf)

<use figures/karplus_top_panel_karplus.pdf>
Package pdftex.def Info: figures/karplus_top_panel_karplus.pdf used on input li
ne 75.
(pdftex.def)             Requested size: 190.70268pt x 156.49014pt.

<figures/karplus_2x2.pdf, id=27, 488.35887pt x 435.21973pt>
File: figures/karplus_2x2.pdf Graphic file (type pdf)

<use figures/karplus_2x2.pdf>
Package pdftex.def Info: figures/karplus_2x2.pdf used on input line 77.
(pdftex.def)             Requested size: 319.28499pt x 284.52756pt.
 [4] [5 <./figures/karplus_top_panel_karplus.pdf> <./figures/karplus_2x2.pdf

pdfTeX warning: pdflatex (file ./figures/karplus_2x2.pdf): PDF inclusion: multi
ple pdfs with page group included in a single page
>] [6] [7] [8] [9] [10] [11] [12] [13]
<figures/state_0_by_forcefield_priors.pdf, id=149, 515.5699pt x 454.3081pt>
File: figures/state_0_by_forcefield_priors.pdf Graphic file (type pdf)

<use figures/state_0_by_forcefield_priors.pdf>
Package pdftex.def Info: figures/state_0_by_forcefield_priors.pdf used on input
 line 198.
(pdftex.def)             Requested size: 213.39566pt x 188.03523pt.

<figures/state_1_by_forcefield_priors.pdf, id=150, 516.15019pt x 454.59041pt>
File: figures/state_1_by_forcefield_priors.pdf Graphic file (type pdf)

<use figures/state_1_by_forcefield_priors.pdf>
Package pdftex.def Info: figures/state_1_by_forcefield_priors.pdf used on input
 line 202.
(pdftex.def)             Requested size: 213.39566pt x 187.94397pt.

<figures/state_2_by_forcefield_priors.pdf, id=151, 516.15019pt x 454.59041pt>
File: figures/state_2_by_forcefield_priors.pdf Graphic file (type pdf)

<use figures/state_2_by_forcefield_priors.pdf>
Package pdftex.def Info: figures/state_2_by_forcefield_priors.pdf used on input
 line 205.
(pdftex.def)             Requested size: 213.39566pt x 187.94397pt.

<figures/chi2_train_priors.pdf, id=152, 532.79048pt x 457.60165pt>
File: figures/chi2_train_priors.pdf Graphic file (type pdf)

<use figures/chi2_train_priors.pdf>
Package pdftex.def Info: figures/chi2_train_priors.pdf used on input line 216.
(pdftex.def)             Requested size: 213.39566pt x 183.2818pt.

<figures/chi2_test_priors.pdf, id=153, 532.79048pt x 457.60165pt>
File: figures/chi2_test_priors.pdf Graphic file (type pdf)

<use figures/chi2_test_priors.pdf>
Package pdftex.def Info: figures/chi2_test_priors.pdf used on input line 219.
(pdftex.def)             Requested size: 213.39566pt x 183.2818pt.

<figures/ALA3_rama_amber96_raw.pdf, id=154, 434.9688pt x 427.73865pt>
File: figures/ALA3_rama_amber96_raw.pdf Graphic file (type pdf)

<use figures/ALA3_rama_amber96_raw.pdf>
Package pdftex.def Info: figures/ALA3_rama_amber96_raw.pdf used on input line 2
30.
(pdftex.def)             Requested size: 86.78099pt x 85.33736pt.

<figures/ALA3_rama_amber96_maxent_belt.pdf, id=155, 434.9688pt x 427.73865pt>
File: figures/ALA3_rama_amber96_maxent_belt.pdf Graphic file (type pdf)

<use figures/ALA3_rama_amber96_maxent_belt.pdf>
Package pdftex.def Info: figures/ALA3_rama_amber96_maxent_belt.pdf used on inpu
t line 233.
(pdftex.def)             Requested size: 86.78099pt x 85.33736pt.

<figures/ALA3_rama_amber99_raw.pdf, id=156, 434.9688pt x 427.73865pt>
File: figures/ALA3_rama_amber99_raw.pdf Graphic file (type pdf)

<use figures/ALA3_rama_amber99_raw.pdf>
Package pdftex.def Info: figures/ALA3_rama_amber99_raw.pdf used on input line 2
37.
(pdftex.def)             Requested size: 86.78099pt x 85.33736pt.

<figures/ALA3_rama_amber99_maxent_belt.pdf, id=157, 434.9688pt x 427.73865pt>
File: figures/ALA3_rama_amber99_maxent_belt.pdf Graphic file (type pdf)

<use figures/ALA3_rama_amber99_maxent_belt.pdf>
Package pdftex.def Info: figures/ALA3_rama_amber99_maxent_belt.pdf used on inpu
t line 240.
(pdftex.def)             Requested size: 86.78099pt x 85.33736pt.

<figures/ALA3_rama_amber99sbnmr-ildn_raw.pdf, id=158, 434.9688pt x 427.73865pt>
File: figures/ALA3_rama_amber99sbnmr-ildn_raw.pdf Graphic file (type pdf)
<use figures/ALA3_rama_amber99sbnmr-ildn_raw.pdf>
Package pdftex.def Info: figures/ALA3_rama_amber99sbnmr-ildn_raw.pdf used on in
put line 244.
(pdftex.def)             Requested size: 86.78099pt x 85.33736pt.

<figures/ALA3_rama_amber99sbnmr-ildn_maxent_belt.pdf, id=159, 434.9688pt x 427.
73865pt>
File: figures/ALA3_rama_amber99sbnmr-ildn_maxent_belt.pdf Graphic file (type pd
f)
 <use figures/ALA3_rama_amber99sbnmr-ildn_maxent_belt.pdf>
Package pdftex.def Info: figures/ALA3_rama_amber99sbnmr-ildn_maxent_belt.pdf us
ed on input line 247.
(pdftex.def)             Requested size: 86.78099pt x 85.33736pt.

<figures/ALA3_rama_charmm27_raw.pdf, id=160, 434.9688pt x 427.73865pt>
File: figures/ALA3_rama_charmm27_raw.pdf Graphic file (type pdf)

<use figures/ALA3_rama_charmm27_raw.pdf>
Package pdftex.def Info: figures/ALA3_rama_charmm27_raw.pdf used on input line 
251.
(pdftex.def)             Requested size: 86.78099pt x 85.33736pt.

<figures/ALA3_rama_charmm27_maxent_belt.pdf, id=161, 434.9688pt x 427.73865pt>
File: figures/ALA3_rama_charmm27_maxent_belt.pdf Graphic file (type pdf)

<use figures/ALA3_rama_charmm27_maxent_belt.pdf>
Package pdftex.def Info: figures/ALA3_rama_charmm27_maxent_belt.pdf used on inp
ut line 254.
(pdftex.def)             Requested size: 86.78099pt x 85.33736pt.

<figures/ALA3_rama_oplsaa_raw.pdf, id=162, 434.9688pt x 427.73865pt>
File: figures/ALA3_rama_oplsaa_raw.pdf Graphic file (type pdf)

<use figures/ALA3_rama_oplsaa_raw.pdf>
Package pdftex.def Info: figures/ALA3_rama_oplsaa_raw.pdf used on input line 25
8.
(pdftex.def)             Requested size: 86.78099pt x 85.33736pt.

<figures/ALA3_rama_oplsaa_maxent_belt.pdf, id=163, 434.9688pt x 427.73865pt>
File: figures/ALA3_rama_oplsaa_maxent_belt.pdf Graphic file (type pdf)

<use figures/ALA3_rama_oplsaa_maxent_belt.pdf>
Package pdftex.def Info: figures/ALA3_rama_oplsaa_maxent_belt.pdf used on input
 line 261.
(pdftex.def)             Requested size: 86.78099pt x 85.33736pt.

<figures/ALA3_rama_colorbar.pdf, id=164, 422.18666pt x 80.14316pt>
File: figures/ALA3_rama_colorbar.pdf Graphic file (type pdf)

<use figures/ALA3_rama_colorbar.pdf>
Package pdftex.def Info: figures/ALA3_rama_colorbar.pdf used on input line 263.

(pdftex.def)             Requested size: 86.78099pt x 16.47346pt.
 [14] [15 <./figures/state_0_by_forcefield_priors.pdf> <./figures/state_1_by_fo
rcefield_priors.pdf

pdfTeX warning: pdflatex (file ./figures/state_1_by_forcefield_priors.pdf): PDF
 inclusion: multiple pdfs with page group included in a single page
> <./figures/state_2_by_forcefield_priors.pdf

pdfTeX warning: pdflatex (file ./figures/state_2_by_forcefield_priors.pdf): PDF
 inclusion: multiple pdfs with page group included in a single page
>] [16 <./figures/chi2_train_priors.pdf> <./figures/chi2_test_priors.pdf

pdfTeX warning: pdflatex (file ./figures/chi2_test_priors.pdf): PDF inclusion: 
multiple pdfs with page group included in a single page
>] [17 <./figures/ALA3_rama_amber96_raw.pdf> <./figures/ALA3_rama_amber96_maxen
t_belt.pdf

pdfTeX warning: pdflatex (file ./figures/ALA3_rama_amber96_maxent_belt.pdf): PD
F inclusion: multiple pdfs with page group included in a single page
> <./figures/ALA3_rama_amber99_raw.pdf

pdfTeX warning: pdflatex (file ./figures/ALA3_rama_amber99_raw.pdf): PDF inclus
ion: multiple pdfs with page group included in a single page
> <./figures/ALA3_rama_amber99_maxent_belt.pdf

pdfTeX warning: pdflatex (file ./figures/ALA3_rama_amber99_maxent_belt.pdf): PD
F inclusion: multiple pdfs with page group included in a single page
> <./figures/ALA3_rama_amber99sbnmr-ildn_raw.pdf

pdfTeX warning: pdflatex (file ./figures/ALA3_rama_amber99sbnmr-ildn_raw.pdf): 
PDF inclusion: multiple pdfs with page group included in a single page
> <./figures/ALA3_rama_amber99sbnmr-ildn_maxent_belt.pdf

pdfTeX warning: pdflatex (file ./figures/ALA3_rama_amber99sbnmr-ildn_maxent_bel
t.pdf): PDF inclusion: multiple pdfs with page group included in a single page
> <./figures/ALA3_rama_charmm27_raw.pdf

pdfTeX warning: pdflatex (file ./figures/ALA3_rama_charmm27_raw.pdf): PDF inclu
sion: multiple pdfs with page group included in a single page
> <./figures/ALA3_rama_charmm27_maxent_belt.pdf

pdfTeX warning: pdflatex (file ./figures/ALA3_rama_charmm27_maxent_belt.pdf): P
DF inclusion: multiple pdfs with page group included in a single page
> <./figures/ALA3_rama_oplsaa_raw.pdf

pdfTeX warning: pdflatex (file ./figures/ALA3_rama_oplsaa_raw.pdf): PDF inclusi
on: multiple pdfs with page group included in a single page
> <./figures/ALA3_rama_oplsaa_maxent_belt.pdf

pdfTeX warning: pdflatex (file ./figures/ALA3_rama_oplsaa_maxent_belt.pdf): PDF
 inclusion: multiple pdfs with page group included in a single page
> <./figures/ALA3_rama_colorbar.pdf

pdfTeX warning: pdflatex (file ./figures/ALA3_rama_colorbar.pdf): PDF inclusion
: multiple pdfs with page group included in a single page
>] [18] [19] [20] [21]
Overfull \hbox (28.23662pt too wide) in paragraph at lines 322--344
 [][] 
 []

[22

] (./belt.bbl [23

] [24] [25]) [26]
<figures/new_info_graphic/info_graphic.png, id=1180, 426.8748pt x 142.3719pt>
File: figures/new_info_graphic/info_graphic.png Graphic file (type png)

<use figures/new_info_graphic/info_graphic.png>
Package pdftex.def Info: figures/new_info_graphic/info_graphic.png used on inpu
t line 359.
(pdftex.def)             Requested size: 511.90196pt x 170.71652pt.

Overfull \hbox (42.14658pt too wide) in paragraph at lines 359--360
 [][] 
 []

[27

 <./figures/new_info_graphic/info_graphic.png>] (./belt.aux) ) 
Here is how much of TeX's memory you used:
 6682 strings out of 494536
 100267 string characters out of 6167447
 178750 words of memory out of 5000000
 9773 multiletter control sequences out of 15000+600000
 16628 words of font info for 64 fonts, out of 8000000 for 9000
 319 hyphenation exceptions out of 8191
 60i,8n,94p,1156b,465s stack positions out of 5000i,500n,10000p,200000b,80000s
</usr/local/texli
ve/2013basic/texmf-dist/fonts/type1/public/amsfonts/cm/cmbx10.pfb></usr/local/t
exlive/2013basic/texmf-dist/fonts/type1/public/amsfonts/cm/cmbx12.pfb></usr/loc
al/texlive/2013basic/texmf-dist/fonts/type1/public/amsfonts/cm/cmex10.pfb></usr
/local/texlive/2013basic/texmf-dist/fonts/type1/public/amsfonts/cm/cmmi10.pfb><
/usr/local/texlive/2013basic/texmf-dist/fonts/type1/public/amsfonts/cm/cmmi12.p
fb></usr/local/texlive/2013basic/texmf-dist/fonts/type1/public/amsfonts/cm/cmmi
6.pfb></usr/local/texlive/2013basic/texmf-dist/fonts/type1/public/amsfonts/cm/c
mmi8.pfb></usr/local/texlive/2013basic/texmf-dist/fonts/type1/public/amsfonts/c
m/cmr10.pfb></usr/local/texlive/2013basic/texmf-dist/fonts/type1/public/amsfont
s/cm/cmr12.pfb></usr/local/texlive/2013basic/texmf-dist/fonts/type1/public/amsf
onts/cm/cmr6.pfb></usr/local/texlive/2013basic/texmf-dist/fonts/type1/public/am
sfonts/cm/cmr8.pfb></usr/local/texlive/2013basic/texmf-dist/fonts/type1/public/
amsfonts/cm/cmss10.pfb></usr/local/texlive/2013basic/texmf-dist/fonts/type1/pub
lic/amsfonts/cm/cmss12.pfb></usr/local/texlive/2013basic/texmf-dist/fonts/type1
/public/amsfonts/cm/cmssbx10.pfb></usr/local/texlive/2013basic/texmf-dist/fonts
/type1/public/amsfonts/cm/cmsy10.pfb></usr/local/texlive/2013basic/texmf-dist/f
onts/type1/public/amsfonts/cm/cmsy7.pfb></usr/local/texlive/2013basic/texmf-dis
t/fonts/type1/public/amsfonts/cm/cmsy8.pfb></usr/local/texlive/2013basic/texmf-
dist/fonts/type1/public/amsfonts/cm/cmti12.pfb></usr/local/texlive/2013basic/te
xmf-dist/fonts/type1/public/amsfonts/cm/cmtt12.pfb>
Output written on belt.pdf (27 pages, 1244609 bytes).
PDF statistics:
 1247 PDF objects out of 1440 (max. 8388607)
 361 compressed objects within 4 object streams
 0 named destinations out of 1000 (max. 500000)
 96 words of extra memory for PDF output out of 10000 (max. 10000000)

