This is pdfTeX, Version 3.1415926-2.4-1.40.13 (TeX Live 2012/Debian) (format=pdflatex 2013.3.21)  14 NOV 2013 19:10
entering extended mode
 restricted \write18 enabled.
 %&-line parsing enabled.
**supporting_information.tex
(./supporting_information.tex
LaTeX2e <2011/06/27>
Babel <v3.8m> and hyphenation patterns for english, dumylang, nohyphenation, lo
aded.
(/usr/share/texlive/texmf-dist/tex/latex/base/article.cls
Document Class: article 2007/10/19 v1.4h Standard LaTeX document class
(/usr/share/texlive/texmf-dist/tex/latex/base/size12.clo
File: size12.clo 2007/10/19 v1.4h Standard LaTeX file (size option)
)
\c@part=\count79
\c@section=\count80
\c@subsection=\count81
\c@subsubsection=\count82
\c@paragraph=\count83
\c@subparagraph=\count84
\c@figure=\count85
\c@table=\count86
\abovecaptionskip=\skip41
\belowcaptionskip=\skip42
\bibindent=\dimen102
)
(/usr/share/texlive/texmf-dist/tex/latex/geometry/geometry.sty
Package: geometry 2010/09/12 v5.6 Page Geometry

(/usr/share/texlive/texmf-dist/tex/latex/graphics/keyval.sty
Package: keyval 1999/03/16 v1.13 key=value parser (DPC)
\KV@toks@=\toks14
)
(/usr/share/texlive/texmf-dist/tex/generic/oberdiek/ifpdf.sty
Package: ifpdf 2011/01/30 v2.3 Provides the ifpdf switch (HO)
Package ifpdf Info: pdfTeX in PDF mode is detected.
)
(/usr/share/texlive/texmf-dist/tex/generic/oberdiek/ifvtex.sty
Package: ifvtex 2010/03/01 v1.5 Detect VTeX and its facilities (HO)
Package ifvtex Info: VTeX not detected.
)
(/usr/share/texlive/texmf-dist/tex/generic/ifxetex/ifxetex.sty
Package: ifxetex 2010/09/12 v0.6 Provides ifxetex conditional
)
\Gm@cnth=\count87
\Gm@cntv=\count88
\c@Gm@tempcnt=\count89
\Gm@bindingoffset=\dimen103
\Gm@wd@mp=\dimen104
\Gm@odd@mp=\dimen105
\Gm@even@mp=\dimen106
\Gm@layoutwidth=\dimen107
\Gm@layoutheight=\dimen108
\Gm@layouthoffset=\dimen109
\Gm@layoutvoffset=\dimen110
\Gm@dimlist=\toks15
)
(/usr/share/texlive/texmf-dist/tex/latex/base/inputenc.sty
Package: inputenc 2008/03/30 v1.1d Input encoding file
\inpenc@prehook=\toks16
\inpenc@posthook=\toks17

(/usr/share/texlive/texmf-dist/tex/latex/base/utf8.def
File: utf8.def 2008/04/05 v1.1m UTF-8 support for inputenc
Now handling font encoding OML ...
... no UTF-8 mapping file for font encoding OML
Now handling font encoding T1 ...
... processing UTF-8 mapping file for font encoding T1

(/usr/share/texlive/texmf-dist/tex/latex/base/t1enc.dfu
File: t1enc.dfu 2008/04/05 v1.1m UTF-8 support for inputenc
   defining Unicode char U+00A1 (decimal 161)
   defining Unicode char U+00A3 (decimal 163)
   defining Unicode char U+00AB (decimal 171)
   defining Unicode char U+00BB (decimal 187)
   defining Unicode char U+00BF (decimal 191)
   defining Unicode char U+00C0 (decimal 192)
   defining Unicode char U+00C1 (decimal 193)
   defining Unicode char U+00C2 (decimal 194)
   defining Unicode char U+00C3 (decimal 195)
   defining Unicode char U+00C4 (decimal 196)
   defining Unicode char U+00C5 (decimal 197)
   defining Unicode char U+00C6 (decimal 198)
   defining Unicode char U+00C7 (decimal 199)
   defining Unicode char U+00C8 (decimal 200)
   defining Unicode char U+00C9 (decimal 201)
   defining Unicode char U+00CA (decimal 202)
   defining Unicode char U+00CB (decimal 203)
   defining Unicode char U+00CC (decimal 204)
   defining Unicode char U+00CD (decimal 205)
   defining Unicode char U+00CE (decimal 206)
   defining Unicode char U+00CF (decimal 207)
   defining Unicode char U+00D0 (decimal 208)
   defining Unicode char U+00D1 (decimal 209)
   defining Unicode char U+00D2 (decimal 210)
   defining Unicode char U+00D3 (decimal 211)
   defining Unicode char U+00D4 (decimal 212)
   defining Unicode char U+00D5 (decimal 213)
   defining Unicode char U+00D6 (decimal 214)
   defining Unicode char U+00D8 (decimal 216)
   defining Unicode char U+00D9 (decimal 217)
   defining Unicode char U+00DA (decimal 218)
   defining Unicode char U+00DB (decimal 219)
   defining Unicode char U+00DC (decimal 220)
   defining Unicode char U+00DD (decimal 221)
   defining Unicode char U+00DE (decimal 222)
   defining Unicode char U+00DF (decimal 223)
   defining Unicode char U+00E0 (decimal 224)
   defining Unicode char U+00E1 (decimal 225)
   defining Unicode char U+00E2 (decimal 226)
   defining Unicode char U+00E3 (decimal 227)
   defining Unicode char U+00E4 (decimal 228)
   defining Unicode char U+00E5 (decimal 229)
   defining Unicode char U+00E6 (decimal 230)
   defining Unicode char U+00E7 (decimal 231)
   defining Unicode char U+00E8 (decimal 232)
   defining Unicode char U+00E9 (decimal 233)
   defining Unicode char U+00EA (decimal 234)
   defining Unicode char U+00EB (decimal 235)
   defining Unicode char U+00EC (decimal 236)
   defining Unicode char U+00ED (decimal 237)
   defining Unicode char U+00EE (decimal 238)
   defining Unicode char U+00EF (decimal 239)
   defining Unicode char U+00F0 (decimal 240)
   defining Unicode char U+00F1 (decimal 241)
   defining Unicode char U+00F2 (decimal 242)
   defining Unicode char U+00F3 (decimal 243)
   defining Unicode char U+00F4 (decimal 244)
   defining Unicode char U+00F5 (decimal 245)
   defining Unicode char U+00F6 (decimal 246)
   defining Unicode char U+00F8 (decimal 248)
   defining Unicode char U+00F9 (decimal 249)
   defining Unicode char U+00FA (decimal 250)
   defining Unicode char U+00FB (decimal 251)
   defining Unicode char U+00FC (decimal 252)
   defining Unicode char U+00FD (decimal 253)
   defining Unicode char U+00FE (decimal 254)
   defining Unicode char U+00FF (decimal 255)
   defining Unicode char U+0102 (decimal 258)
   defining Unicode char U+0103 (decimal 259)
   defining Unicode char U+0104 (decimal 260)
   defining Unicode char U+0105 (decimal 261)
   defining Unicode char U+0106 (decimal 262)
   defining Unicode char U+0107 (decimal 263)
   defining Unicode char U+010C (decimal 268)
   defining Unicode char U+010D (decimal 269)
   defining Unicode char U+010E (decimal 270)
   defining Unicode char U+010F (decimal 271)
   defining Unicode char U+0110 (decimal 272)
   defining Unicode char U+0111 (decimal 273)
   defining Unicode char U+0118 (decimal 280)
   defining Unicode char U+0119 (decimal 281)
   defining Unicode char U+011A (decimal 282)
   defining Unicode char U+011B (decimal 283)
   defining Unicode char U+011E (decimal 286)
   defining Unicode char U+011F (decimal 287)
   defining Unicode char U+0130 (decimal 304)
   defining Unicode char U+0131 (decimal 305)
   defining Unicode char U+0132 (decimal 306)
   defining Unicode char U+0133 (decimal 307)
   defining Unicode char U+0139 (decimal 313)
   defining Unicode char U+013A (decimal 314)
   defining Unicode char U+013D (decimal 317)
   defining Unicode char U+013E (decimal 318)
   defining Unicode char U+0141 (decimal 321)
   defining Unicode char U+0142 (decimal 322)
   defining Unicode char U+0143 (decimal 323)
   defining Unicode char U+0144 (decimal 324)
   defining Unicode char U+0147 (decimal 327)
   defining Unicode char U+0148 (decimal 328)
   defining Unicode char U+014A (decimal 330)
   defining Unicode char U+014B (decimal 331)
   defining Unicode char U+0150 (decimal 336)
   defining Unicode char U+0151 (decimal 337)
   defining Unicode char U+0152 (decimal 338)
   defining Unicode char U+0153 (decimal 339)
   defining Unicode char U+0154 (decimal 340)
   defining Unicode char U+0155 (decimal 341)
   defining Unicode char U+0158 (decimal 344)
   defining Unicode char U+0159 (decimal 345)
   defining Unicode char U+015A (decimal 346)
   defining Unicode char U+015B (decimal 347)
   defining Unicode char U+015E (decimal 350)
   defining Unicode char U+015F (decimal 351)
   defining Unicode char U+0160 (decimal 352)
   defining Unicode char U+0161 (decimal 353)
   defining Unicode char U+0162 (decimal 354)
   defining Unicode char U+0163 (decimal 355)
   defining Unicode char U+0164 (decimal 356)
   defining Unicode char U+0165 (decimal 357)
   defining Unicode char U+016E (decimal 366)
   defining Unicode char U+016F (decimal 367)
   defining Unicode char U+0170 (decimal 368)
   defining Unicode char U+0171 (decimal 369)
   defining Unicode char U+0178 (decimal 376)
   defining Unicode char U+0179 (decimal 377)
   defining Unicode char U+017A (decimal 378)
   defining Unicode char U+017B (decimal 379)
   defining Unicode char U+017C (decimal 380)
   defining Unicode char U+017D (decimal 381)
   defining Unicode char U+017E (decimal 382)
   defining Unicode char U+200C (decimal 8204)
   defining Unicode char U+2013 (decimal 8211)
   defining Unicode char U+2014 (decimal 8212)
   defining Unicode char U+2018 (decimal 8216)
   defining Unicode char U+2019 (decimal 8217)
   defining Unicode char U+201A (decimal 8218)
   defining Unicode char U+201C (decimal 8220)
   defining Unicode char U+201D (decimal 8221)
   defining Unicode char U+201E (decimal 8222)
   defining Unicode char U+2030 (decimal 8240)
   defining Unicode char U+2031 (decimal 8241)
   defining Unicode char U+2039 (decimal 8249)
   defining Unicode char U+203A (decimal 8250)
   defining Unicode char U+2423 (decimal 9251)
)
Now handling font encoding OT1 ...
... processing UTF-8 mapping file for font encoding OT1

(/usr/share/texlive/texmf-dist/tex/latex/base/ot1enc.dfu
File: ot1enc.dfu 2008/04/05 v1.1m UTF-8 support for inputenc
   defining Unicode char U+00A1 (decimal 161)
   defining Unicode char U+00A3 (decimal 163)
   defining Unicode char U+00B8 (decimal 184)
   defining Unicode char U+00BF (decimal 191)
   defining Unicode char U+00C5 (decimal 197)
   defining Unicode char U+00C6 (decimal 198)
   defining Unicode char U+00D8 (decimal 216)
   defining Unicode char U+00DF (decimal 223)
   defining Unicode char U+00E6 (decimal 230)
   defining Unicode char U+00EC (decimal 236)
   defining Unicode char U+00ED (decimal 237)
   defining Unicode char U+00EE (decimal 238)
   defining Unicode char U+00EF (decimal 239)
   defining Unicode char U+00F8 (decimal 248)
   defining Unicode char U+0131 (decimal 305)
   defining Unicode char U+0141 (decimal 321)
   defining Unicode char U+0142 (decimal 322)
   defining Unicode char U+0152 (decimal 338)
   defining Unicode char U+0153 (decimal 339)
   defining Unicode char U+2013 (decimal 8211)
   defining Unicode char U+2014 (decimal 8212)
   defining Unicode char U+2018 (decimal 8216)
   defining Unicode char U+2019 (decimal 8217)
   defining Unicode char U+201C (decimal 8220)
   defining Unicode char U+201D (decimal 8221)
)
Now handling font encoding OMS ...
... processing UTF-8 mapping file for font encoding OMS

(/usr/share/texlive/texmf-dist/tex/latex/base/omsenc.dfu
File: omsenc.dfu 2008/04/05 v1.1m UTF-8 support for inputenc
   defining Unicode char U+00A7 (decimal 167)
   defining Unicode char U+00B6 (decimal 182)
   defining Unicode char U+00B7 (decimal 183)
   defining Unicode char U+2020 (decimal 8224)
   defining Unicode char U+2021 (decimal 8225)
   defining Unicode char U+2022 (decimal 8226)
)
Now handling font encoding OMX ...
... no UTF-8 mapping file for font encoding OMX
Now handling font encoding U ...
... no UTF-8 mapping file for font encoding U
   defining Unicode char U+00A9 (decimal 169)
   defining Unicode char U+00AA (decimal 170)
   defining Unicode char U+00AE (decimal 174)
   defining Unicode char U+00BA (decimal 186)
   defining Unicode char U+02C6 (decimal 710)
   defining Unicode char U+02DC (decimal 732)
   defining Unicode char U+200C (decimal 8204)
   defining Unicode char U+2026 (decimal 8230)
   defining Unicode char U+2122 (decimal 8482)
   defining Unicode char U+2423 (decimal 9251)
))
(/usr/share/texlive/texmf-dist/tex/latex/graphics/graphicx.sty
Package: graphicx 1999/02/16 v1.0f Enhanced LaTeX Graphics (DPC,SPQR)

(/usr/share/texlive/texmf-dist/tex/latex/graphics/graphics.sty
Package: graphics 2009/02/05 v1.0o Standard LaTeX Graphics (DPC,SPQR)

(/usr/share/texlive/texmf-dist/tex/latex/graphics/trig.sty
Package: trig 1999/03/16 v1.09 sin cos tan (DPC)
)
(/usr/share/texlive/texmf-dist/tex/latex/latexconfig/graphics.cfg
File: graphics.cfg 2010/04/23 v1.9 graphics configuration of TeX Live
)
Package graphics Info: Driver file: pdftex.def on input line 91.

(/usr/share/texlive/texmf-dist/tex/latex/pdftex-def/pdftex.def
File: pdftex.def 2011/05/27 v0.06d Graphics/color for pdfTeX

(/usr/share/texlive/texmf-dist/tex/generic/oberdiek/infwarerr.sty
Package: infwarerr 2010/04/08 v1.3 Providing info/warning/error messages (HO)
)
(/usr/share/texlive/texmf-dist/tex/generic/oberdiek/ltxcmds.sty
Package: ltxcmds 2011/11/09 v1.22 LaTeX kernel commands for general use (HO)
)
\Gread@gobject=\count90
))
\Gin@req@height=\dimen111
\Gin@req@width=\dimen112
)
(/usr/share/texlive/texmf-dist/tex/latex/subfigure/subfigure.sty
Package: subfigure 2002/03/15 v2.1.5 subfigure package
\subfigtopskip=\skip43
\subfigcapskip=\skip44
\subfigcaptopadj=\dimen113
\subfigbottomskip=\skip45
\subfigcapmargin=\dimen114
\subfiglabelskip=\skip46
\c@subfigure=\count91
\c@lofdepth=\count92
\c@subtable=\count93
\c@lotdepth=\count94

****************************************
* Local config file subfigure.cfg used *
****************************************
(/usr/share/texlive/texmf-dist/tex/latex/subfigure/subfigure.cfg)
\subfig@top=\skip47
\subfig@bottom=\skip48
)
(/usr/share/texlive/texmf-dist/tex/latex/amsfonts/amssymb.sty
Package: amssymb 2009/06/22 v3.00

(/usr/share/texlive/texmf-dist/tex/latex/amsfonts/amsfonts.sty
Package: amsfonts 2009/06/22 v3.00 Basic AMSFonts support
\@emptytoks=\toks18
\symAMSa=\mathgroup4
\symAMSb=\mathgroup5
LaTeX Font Info:    Overwriting math alphabet `\mathfrak' in version `bold'
(Font)                  U/euf/m/n --> U/euf/b/n on input line 96.
))
(/usr/share/texlive/texmf-dist/tex/latex/amsmath/amsmath.sty
Package: amsmath 2000/07/18 v2.13 AMS math features
\@mathmargin=\skip49

For additional information on amsmath, use the `?' option.
(/usr/share/texlive/texmf-dist/tex/latex/amsmath/amstext.sty
Package: amstext 2000/06/29 v2.01

(/usr/share/texlive/texmf-dist/tex/latex/amsmath/amsgen.sty
File: amsgen.sty 1999/11/30 v2.0
\@emptytoks=\toks19
\ex@=\dimen115
))
(/usr/share/texlive/texmf-dist/tex/latex/amsmath/amsbsy.sty
Package: amsbsy 1999/11/29 v1.2d
\pmbraise@=\dimen116
)
(/usr/share/texlive/texmf-dist/tex/latex/amsmath/amsopn.sty
Package: amsopn 1999/12/14 v2.01 operator names
)
\inf@bad=\count95
LaTeX Info: Redefining \frac on input line 211.
\uproot@=\count96
\leftroot@=\count97
LaTeX Info: Redefining \overline on input line 307.
\classnum@=\count98
\DOTSCASE@=\count99
LaTeX Info: Redefining \ldots on input line 379.
LaTeX Info: Redefining \dots on input line 382.
LaTeX Info: Redefining \cdots on input line 467.
\Mathstrutbox@=\box26
\strutbox@=\box27
\big@size=\dimen117
LaTeX Font Info:    Redeclaring font encoding OML on input line 567.
LaTeX Font Info:    Redeclaring font encoding OMS on input line 568.
\macc@depth=\count100
\c@MaxMatrixCols=\count101
\dotsspace@=\muskip10
\c@parentequation=\count102
\dspbrk@lvl=\count103
\tag@help=\toks20
\row@=\count104
\column@=\count105
\maxfields@=\count106
\andhelp@=\toks21
\eqnshift@=\dimen118
\alignsep@=\dimen119
\tagshift@=\dimen120
\tagwidth@=\dimen121
\totwidth@=\dimen122
\lineht@=\dimen123
\@envbody=\toks22
\multlinegap=\skip50
\multlinetaggap=\skip51
\mathdisplay@stack=\toks23
LaTeX Info: Redefining \[ on input line 2666.
LaTeX Info: Redefining \] on input line 2667.
)
(/usr/share/texlive/texmf-dist/tex/latex/booktabs/booktabs.sty
Package: booktabs 2005/04/14 v1.61803 publication quality tables
\heavyrulewidth=\dimen124
\lightrulewidth=\dimen125
\cmidrulewidth=\dimen126
\belowrulesep=\dimen127
\belowbottomsep=\dimen128
\aboverulesep=\dimen129
\abovetopsep=\dimen130
\cmidrulesep=\dimen131
\cmidrulekern=\dimen132
\defaultaddspace=\dimen133
\@cmidla=\count107
\@cmidlb=\count108
\@aboverulesep=\dimen134
\@belowrulesep=\dimen135
\@thisruleclass=\count109
\@lastruleclass=\count110
\@thisrulewidth=\dimen136
)
(/usr/share/texlive/texmf-dist/tex/latex/natbib/natbib.sty
Package: natbib 2010/09/13 8.31b (PWD, AO)
\bibhang=\skip52
\bibsep=\skip53
LaTeX Info: Redefining \cite on input line 694.
\c@NAT@ctr=\count111
)
(/usr/share/texlive/texmf-dist/tex/latex/url/url.sty
\Urlmuskip=\muskip11
Package: url 2006/04/12  ver 3.3  Verb mode for urls, etc.
)
(./supporting_information.aux)
\openout1 = `supporting_information.aux'.

LaTeX Font Info:    Checking defaults for OML/cmm/m/it on input line 35.
LaTeX Font Info:    ... okay on input line 35.
LaTeX Font Info:    Checking defaults for T1/cmr/m/n on input line 35.
LaTeX Font Info:    ... okay on input line 35.
LaTeX Font Info:    Checking defaults for OT1/cmr/m/n on input line 35.
LaTeX Font Info:    ... okay on input line 35.
LaTeX Font Info:    Checking defaults for OMS/cmsy/m/n on input line 35.
LaTeX Font Info:    ... okay on input line 35.
LaTeX Font Info:    Checking defaults for OMX/cmex/m/n on input line 35.
LaTeX Font Info:    ... okay on input line 35.
LaTeX Font Info:    Checking defaults for U/cmr/m/n on input line 35.
LaTeX Font Info:    ... okay on input line 35.

*geometry* driver: auto-detecting
*geometry* detected driver: pdftex
*geometry* verbose mode - [ preamble ] result:
* driver: pdftex
* paper: <default>
* layout: <same size as paper>
* layoutoffset:(h,v)=(0.0pt,0.0pt)
* modes: 
* h-part:(L,W,R)=(72.26999pt, 469.75502pt, 72.26999pt)
* v-part:(T,H,B)=(72.26999pt, 650.43001pt, 72.26999pt)
* \paperwidth=614.295pt
* \paperheight=794.96999pt
* \textwidth=469.75502pt
* \textheight=650.43001pt
* \oddsidemargin=0.0pt
* \evensidemargin=0.0pt
* \topmargin=-37.0pt
* \headheight=12.0pt
* \headsep=25.0pt
* \topskip=12.0pt
* \footskip=30.0pt
* \marginparwidth=44.0pt
* \marginparsep=10.0pt
* \columnsep=10.0pt
* \skip\footins=10.8pt plus 4.0pt minus 2.0pt
* \hoffset=0.0pt
* \voffset=0.0pt
* \mag=1000
* \@twocolumnfalse
* \@twosidefalse
* \@mparswitchfalse
* \@reversemarginfalse
* (1in=72.27pt=25.4mm, 1cm=28.453pt)

(/usr/share/texlive/texmf-dist/tex/context/base/supp-pdf.mkii
[Loading MPS to PDF converter (version 2006.09.02).]
\scratchcounter=\count112
\scratchdimen=\dimen137
\scratchbox=\box28
\nofMPsegments=\count113
\nofMParguments=\count114
\everyMPshowfont=\toks24
\MPscratchCnt=\count115
\MPscratchDim=\dimen138
\MPnumerator=\count116
\makeMPintoPDFobject=\count117
\everyMPtoPDFconversion=\toks25
) (/usr/share/texlive/texmf-dist/tex/generic/oberdiek/pdftexcmds.sty
Package: pdftexcmds 2011/11/29 v0.20 Utility functions of pdfTeX for LuaTeX (HO
)

(/usr/share/texlive/texmf-dist/tex/generic/oberdiek/ifluatex.sty
Package: ifluatex 2010/03/01 v1.3 Provides the ifluatex switch (HO)
Package ifluatex Info: LuaTeX not detected.
)
Package pdftexcmds Info: LuaTeX not detected.
Package pdftexcmds Info: \pdf@primitive is available.
Package pdftexcmds Info: \pdf@ifprimitive is available.
Package pdftexcmds Info: \pdfdraftmode found.
)
(/usr/share/texlive/texmf-dist/tex/latex/oberdiek/epstopdf-base.sty
Package: epstopdf-base 2010/02/09 v2.5 Base part for package epstopdf

(/usr/share/texlive/texmf-dist/tex/latex/oberdiek/grfext.sty
Package: grfext 2010/08/19 v1.1 Manage graphics extensions (HO)

(/usr/share/texlive/texmf-dist/tex/generic/oberdiek/kvdefinekeys.sty
Package: kvdefinekeys 2011/04/07 v1.3 Define keys (HO)
))
(/usr/share/texlive/texmf-dist/tex/latex/oberdiek/kvoptions.sty
Package: kvoptions 2011/06/30 v3.11 Key value format for package options (HO)

(/usr/share/texlive/texmf-dist/tex/generic/oberdiek/kvsetkeys.sty
Package: kvsetkeys 2012/04/25 v1.16 Key value parser (HO)

(/usr/share/texlive/texmf-dist/tex/generic/oberdiek/etexcmds.sty
Package: etexcmds 2011/02/16 v1.5 Avoid name clashes with e-TeX commands (HO)
Package etexcmds Info: Could not find \expanded.
(etexcmds)             That can mean that you are not using pdfTeX 1.50 or
(etexcmds)             that some package has redefined \expanded.
(etexcmds)             In the latter case, load this package earlier.
)))
Package grfext Info: Graphics extension search list:
(grfext)             [.png,.pdf,.jpg,.mps,.jpeg,.jbig2,.jb2,.PNG,.PDF,.JPG,.JPE
G,.JBIG2,.JB2,.eps]
(grfext)             \AppendGraphicsExtensions on input line 452.

(/usr/share/texlive/texmf-dist/tex/latex/latexconfig/epstopdf-sys.cfg
File: epstopdf-sys.cfg 2010/07/13 v1.3 Configuration of (r)epstopdf for TeX Liv
e
))
LaTeX Font Info:    Try loading font information for U+msa on input line 37.

(/usr/share/texlive/texmf-dist/tex/latex/amsfonts/umsa.fd
File: umsa.fd 2009/06/22 v3.00 AMS symbols A
)
LaTeX Font Info:    Try loading font information for U+msb on input line 37.

(/usr/share/texlive/texmf-dist/tex/latex/amsfonts/umsb.fd
File: umsb.fd 2009/06/22 v3.00 AMS symbols B
) [1

{/var/lib/texmf/fonts/map/pdftex/updmap/pdftex.map}]
Overfull \hbox (45.09215pt too wide) in paragraph at lines 90--127
[][] 
 []

[2] [3] [4] [5] [6] [7]
<figures/ALA3_rama_amber96_raw.pdf, id=32, 434.9688pt x 427.73865pt>
File: figures/ALA3_rama_amber96_raw.pdf Graphic file (type pdf)

<use figures/ALA3_rama_amber96_raw.pdf>
Package pdftex.def Info: figures/ALA3_rama_amber96_raw.pdf used on input line 3
13.
(pdftex.def)             Requested size: 200.59201pt x 197.2582pt.

<figures/ALA3_rama_amber96_maxent_belt.pdf, id=33, 434.9688pt x 427.73865pt>
File: figures/ALA3_rama_amber96_maxent_belt.pdf Graphic file (type pdf)

<use figures/ALA3_rama_amber96_maxent_belt.pdf>
Package pdftex.def Info: figures/ALA3_rama_amber96_maxent_belt.pdf used on inpu
t line 316.
(pdftex.def)             Requested size: 200.59201pt x 197.2582pt.

<figures/ALA3_rama_amber96_dirichlet_belt.pdf, id=34, 434.9688pt x 427.73865pt>
File: figures/ALA3_rama_amber96_dirichlet_belt.pdf Graphic file (type pdf)
<use figures/ALA3_rama_amber96_dirichlet_belt.pdf>
Package pdftex.def Info: figures/ALA3_rama_amber96_dirichlet_belt.pdf used on i
nput line 320.
(pdftex.def)             Requested size: 200.59201pt x 197.2582pt.

<figures/ALA3_rama_amber96_MVN_belt.pdf, id=35, 434.9688pt x 427.73865pt>
File: figures/ALA3_rama_amber96_MVN_belt.pdf Graphic file (type pdf)

<use figures/ALA3_rama_amber96_MVN_belt.pdf>
Package pdftex.def Info: figures/ALA3_rama_amber96_MVN_belt.pdf used on input l
ine 323.
(pdftex.def)             Requested size: 200.59201pt x 197.2582pt.

<figures/ALA3_rama_colorbar.pdf, id=36, 422.18666pt x 80.14316pt>
File: figures/ALA3_rama_colorbar.pdf Graphic file (type pdf)

<use figures/ALA3_rama_colorbar.pdf>
Package pdftex.def Info: figures/ALA3_rama_colorbar.pdf used on input line 326.

(pdftex.def)             Requested size: 200.59201pt x 38.07817pt.

<figures/ALA3_rama_amber99_raw.pdf, id=37, 434.9688pt x 427.73865pt>
File: figures/ALA3_rama_amber99_raw.pdf Graphic file (type pdf)

<use figures/ALA3_rama_amber99_raw.pdf>
Package pdftex.def Info: figures/ALA3_rama_amber99_raw.pdf used on input line 3
37.
(pdftex.def)             Requested size: 200.59201pt x 197.2582pt.

<figures/ALA3_rama_amber99_maxent_belt.pdf, id=38, 434.9688pt x 427.73865pt>
File: figures/ALA3_rama_amber99_maxent_belt.pdf Graphic file (type pdf)

<use figures/ALA3_rama_amber99_maxent_belt.pdf>
Package pdftex.def Info: figures/ALA3_rama_amber99_maxent_belt.pdf used on inpu
t line 340.
(pdftex.def)             Requested size: 200.59201pt x 197.2582pt.

<figures/ALA3_rama_amber99_dirichlet_belt.pdf, id=39, 434.9688pt x 427.73865pt>
File: figures/ALA3_rama_amber99_dirichlet_belt.pdf Graphic file (type pdf)
<use figures/ALA3_rama_amber99_dirichlet_belt.pdf>
Package pdftex.def Info: figures/ALA3_rama_amber99_dirichlet_belt.pdf used on i
nput line 344.
(pdftex.def)             Requested size: 200.59201pt x 197.2582pt.

<figures/ALA3_rama_amber99_MVN_belt.pdf, id=40, 434.9688pt x 427.73865pt>
File: figures/ALA3_rama_amber99_MVN_belt.pdf Graphic file (type pdf)

<use figures/ALA3_rama_amber99_MVN_belt.pdf>
Package pdftex.def Info: figures/ALA3_rama_amber99_MVN_belt.pdf used on input l
ine 347.
(pdftex.def)             Requested size: 200.59201pt x 197.2582pt.
File: figures/ALA3_rama_colorbar.pdf Graphic file (type pdf)

<use figures/ALA3_rama_colorbar.pdf>
Package pdftex.def Info: figures/ALA3_rama_colorbar.pdf used on input line 350.

(pdftex.def)             Requested size: 200.59201pt x 38.07817pt.

<figures/ALA3_rama_amber99sbnmr-ildn_raw.pdf, id=41, 434.9688pt x 427.73865pt>
File: figures/ALA3_rama_amber99sbnmr-ildn_raw.pdf Graphic file (type pdf)

<use figures/ALA3_rama_amber99sbnmr-ildn_raw.pdf>
Package pdftex.def Info: figures/ALA3_rama_amber99sbnmr-ildn_raw.pdf used on in
put line 360.
(pdftex.def)             Requested size: 200.59201pt x 197.2582pt.

<figures/ALA3_rama_amber99sbnmr-ildn_maxent_belt.pdf, id=42, 434.9688pt x 427.7
3865pt>
File: figures/ALA3_rama_amber99sbnmr-ildn_maxent_belt.pdf Graphic file (type pd
f)
 <use figures/ALA3_rama_amber99sbnmr-ildn_maxent_belt.pdf>
Package pdftex.def Info: figures/ALA3_rama_amber99sbnmr-ildn_maxent_belt.pdf us
ed on input line 363.
(pdftex.def)             Requested size: 200.59201pt x 197.2582pt.

<figures/ALA3_rama_amber99sbnmr-ildn_dirichlet_belt.pdf, id=43, 434.9688pt x 42
7.73865pt>
File: figures/ALA3_rama_amber99sbnmr-ildn_dirichlet_belt.pdf Graphic file (type
 pdf)
 <use figures/ALA3_rama_amber99sbnmr-ildn_dirichlet_belt.pdf>
Package pdftex.def Info: figures/ALA3_rama_amber99sbnmr-ildn_dirichlet_belt.pdf
 used on input line 367.
(pdftex.def)             Requested size: 200.59201pt x 197.2582pt.

<figures/ALA3_rama_amber99sbnmr-ildn_MVN_belt.pdf, id=44, 434.9688pt x 427.7386
5pt>
File: figures/ALA3_rama_amber99sbnmr-ildn_MVN_belt.pdf Graphic file (type pdf)
 <use figures/ALA3_rama_amber99sbnmr-ildn_MVN_belt.pdf>
Package pdftex.def Info: figures/ALA3_rama_amber99sbnmr-ildn_MVN_belt.pdf used 
on input line 370.
(pdftex.def)             Requested size: 200.59201pt x 197.2582pt.
File: figures/ALA3_rama_colorbar.pdf Graphic file (type pdf)

<use figures/ALA3_rama_colorbar.pdf>
Package pdftex.def Info: figures/ALA3_rama_colorbar.pdf used on input line 373.

(pdftex.def)             Requested size: 200.59201pt x 38.07817pt.

<figures/ALA3_rama_charmm27_raw.pdf, id=45, 434.9688pt x 427.73865pt>
File: figures/ALA3_rama_charmm27_raw.pdf Graphic file (type pdf)

<use figures/ALA3_rama_charmm27_raw.pdf>
Package pdftex.def Info: figures/ALA3_rama_charmm27_raw.pdf used on input line 
383.
(pdftex.def)             Requested size: 200.59201pt x 197.2582pt.

<figures/ALA3_rama_charmm27_maxent_belt.pdf, id=46, 434.9688pt x 427.73865pt>
File: figures/ALA3_rama_charmm27_maxent_belt.pdf Graphic file (type pdf)

<use figures/ALA3_rama_charmm27_maxent_belt.pdf>
Package pdftex.def Info: figures/ALA3_rama_charmm27_maxent_belt.pdf used on inp
ut line 386.
(pdftex.def)             Requested size: 200.59201pt x 197.2582pt.

<figures/ALA3_rama_charmm27_dirichlet_belt.pdf, id=47, 434.9688pt x 427.73865pt
>
File: figures/ALA3_rama_charmm27_dirichlet_belt.pdf Graphic file (type pdf)
 <use figures/ALA3_rama_charmm27_dirichlet_belt.pdf>
Package pdftex.def Info: figures/ALA3_rama_charmm27_dirichlet_belt.pdf used on 
input line 390.
(pdftex.def)             Requested size: 200.59201pt x 197.2582pt.

<figures/ALA3_rama_charmm27_MVN_belt.pdf, id=48, 434.9688pt x 427.73865pt>
File: figures/ALA3_rama_charmm27_MVN_belt.pdf Graphic file (type pdf)

<use figures/ALA3_rama_charmm27_MVN_belt.pdf>
Package pdftex.def Info: figures/ALA3_rama_charmm27_MVN_belt.pdf used on input 
line 393.
(pdftex.def)             Requested size: 200.59201pt x 197.2582pt.
File: figures/ALA3_rama_colorbar.pdf Graphic file (type pdf)

<use figures/ALA3_rama_colorbar.pdf>
Package pdftex.def Info: figures/ALA3_rama_colorbar.pdf used on input line 396.

(pdftex.def)             Requested size: 200.59201pt x 38.07817pt.

<figures/ALA3_rama_oplsaa_raw.pdf, id=49, 434.9688pt x 427.73865pt>
File: figures/ALA3_rama_oplsaa_raw.pdf Graphic file (type pdf)

<use figures/ALA3_rama_oplsaa_raw.pdf>
Package pdftex.def Info: figures/ALA3_rama_oplsaa_raw.pdf used on input line 40
6.
(pdftex.def)             Requested size: 200.59201pt x 197.2582pt.

<figures/ALA3_rama_oplsaa_maxent_belt.pdf, id=50, 434.9688pt x 427.73865pt>
File: figures/ALA3_rama_oplsaa_maxent_belt.pdf Graphic file (type pdf)

<use figures/ALA3_rama_oplsaa_maxent_belt.pdf>
Package pdftex.def Info: figures/ALA3_rama_oplsaa_maxent_belt.pdf used on input
 line 409.
(pdftex.def)             Requested size: 200.59201pt x 197.2582pt.

<figures/ALA3_rama_oplsaa_dirichlet_belt.pdf, id=51, 434.9688pt x 427.73865pt>
File: figures/ALA3_rama_oplsaa_dirichlet_belt.pdf Graphic file (type pdf)

<use figures/ALA3_rama_oplsaa_dirichlet_belt.pdf>
Package pdftex.def Info: figures/ALA3_rama_oplsaa_dirichlet_belt.pdf used on in
put line 413.
(pdftex.def)             Requested size: 200.59201pt x 197.2582pt.

<figures/ALA3_rama_oplsaa_MVN_belt.pdf, id=52, 434.9688pt x 427.73865pt>
File: figures/ALA3_rama_oplsaa_MVN_belt.pdf Graphic file (type pdf)

<use figures/ALA3_rama_oplsaa_MVN_belt.pdf>
Package pdftex.def Info: figures/ALA3_rama_oplsaa_MVN_belt.pdf used on input li
ne 416.
(pdftex.def)             Requested size: 200.59201pt x 197.2582pt.
File: figures/ALA3_rama_colorbar.pdf Graphic file (type pdf)

<use figures/ALA3_rama_colorbar.pdf>
Package pdftex.def Info: figures/ALA3_rama_colorbar.pdf used on input line 419.

(pdftex.def)             Requested size: 200.59201pt x 38.07817pt.

<figures/maxent-amber96-MCMC_Trace.png, id=53, 525.4029pt x 411.939pt>
File: figures/maxent-amber96-MCMC_Trace.png Graphic file (type png)

<use figures/maxent-amber96-MCMC_Trace.png>
Package pdftex.def Info: figures/maxent-amber96-MCMC_Trace.png used on input li
ne 436.
(pdftex.def)             Requested size: 213.39566pt x 167.31207pt.

<figures/dirichlet-amber96-MCMC_Trace.png, id=55, 526.1256pt x 411.939pt>
File: figures/dirichlet-amber96-MCMC_Trace.png Graphic file (type png)

<use figures/dirichlet-amber96-MCMC_Trace.png>
Package pdftex.def Info: figures/dirichlet-amber96-MCMC_Trace.png used on input
 line 439.
(pdftex.def)             Requested size: 213.39566pt x 167.0858pt.

<figures/MVN-amber96-MCMC_Trace.png, id=56, 537.6888pt x 411.939pt>
File: figures/MVN-amber96-MCMC_Trace.png Graphic file (type png)

<use figures/MVN-amber96-MCMC_Trace.png>
Package pdftex.def Info: figures/MVN-amber96-MCMC_Trace.png used on input line 
443.
(pdftex.def)             Requested size: 213.39566pt x 163.49039pt.

<figures/maxent-amber99-MCMC_Trace.png, id=57, 525.4029pt x 411.939pt>
File: figures/maxent-amber99-MCMC_Trace.png Graphic file (type png)

<use figures/maxent-amber99-MCMC_Trace.png>
Package pdftex.def Info: figures/maxent-amber99-MCMC_Trace.png used on input li
ne 451.
(pdftex.def)             Requested size: 213.39566pt x 167.31207pt.

<figures/dirichlet-amber99-MCMC_Trace.png, id=58, 526.1256pt x 411.939pt>
File: figures/dirichlet-amber99-MCMC_Trace.png Graphic file (type png)

<use figures/dirichlet-amber99-MCMC_Trace.png>
Package pdftex.def Info: figures/dirichlet-amber99-MCMC_Trace.png used on input
 line 454.
(pdftex.def)             Requested size: 213.39566pt x 167.0858pt.

<figures/MVN-amber99-MCMC_Trace.png, id=59, 526.1256pt x 411.939pt>
File: figures/MVN-amber99-MCMC_Trace.png Graphic file (type png)

<use figures/MVN-amber99-MCMC_Trace.png>
Package pdftex.def Info: figures/MVN-amber99-MCMC_Trace.png used on input line 
458.
(pdftex.def)             Requested size: 213.39566pt x 167.0858pt.

<figures/maxent-amber99sbnmr-ildn-MCMC_Trace.png, id=60, 537.6888pt x 411.939pt
>
File: figures/maxent-amber99sbnmr-ildn-MCMC_Trace.png Graphic file (type png)
 <use figures/maxent-amber99sbnmr-ildn-MCMC_Trace.png>
Package pdftex.def Info: figures/maxent-amber99sbnmr-ildn-MCMC_Trace.png used o
n input line 466.
(pdftex.def)             Requested size: 213.39566pt x 163.49039pt.

<figures/dirichlet-amber99sbnmr-ildn-MCMC_Trace.png, id=61, 537.6888pt x 411.93
9pt>
File: figures/dirichlet-amber99sbnmr-ildn-MCMC_Trace.png Graphic file (type png
)
 <use figures/dirichlet-amber99sbnmr-ildn-MCMC_Trace.png>
Package pdftex.def Info: figures/dirichlet-amber99sbnmr-ildn-MCMC_Trace.png use
d on input line 469.
(pdftex.def)             Requested size: 213.39566pt x 163.49039pt.

<figures/MVN-amber99sbnmr-ildn-MCMC_Trace.png, id=62, 537.6888pt x 411.939pt>
File: figures/MVN-amber99sbnmr-ildn-MCMC_Trace.png Graphic file (type png)

<use figures/MVN-amber99sbnmr-ildn-MCMC_Trace.png>
Package pdftex.def Info: figures/MVN-amber99sbnmr-ildn-MCMC_Trace.png used on i
nput line 473.
(pdftex.def)             Requested size: 213.39566pt x 163.49039pt.

<figures/maxent-charmm27-MCMC_Trace.png, id=63, 525.4029pt x 411.939pt>
File: figures/maxent-charmm27-MCMC_Trace.png Graphic file (type png)

<use figures/maxent-charmm27-MCMC_Trace.png>
Package pdftex.def Info: figures/maxent-charmm27-MCMC_Trace.png used on input l
ine 481.
(pdftex.def)             Requested size: 213.39566pt x 167.31207pt.

<figures/dirichlet-charmm27-MCMC_Trace.png, id=64, 537.6888pt x 411.939pt>
File: figures/dirichlet-charmm27-MCMC_Trace.png Graphic file (type png)

<use figures/dirichlet-charmm27-MCMC_Trace.png>
Package pdftex.def Info: figures/dirichlet-charmm27-MCMC_Trace.png used on inpu
t line 484.
(pdftex.def)             Requested size: 213.39566pt x 163.49039pt.

<figures/MVN-charmm27-MCMC_Trace.png, id=65, 520.344pt x 411.939pt>
File: figures/MVN-charmm27-MCMC_Trace.png Graphic file (type png)

<use figures/MVN-charmm27-MCMC_Trace.png>
Package pdftex.def Info: figures/MVN-charmm27-MCMC_Trace.png used on input line
 488.
(pdftex.def)             Requested size: 213.39566pt x 168.94006pt.

<figures/maxent-oplsaa-MCMC_Trace.png, id=66, 525.4029pt x 411.939pt>
File: figures/maxent-oplsaa-MCMC_Trace.png Graphic file (type png)

<use figures/maxent-oplsaa-MCMC_Trace.png>
Package pdftex.def Info: figures/maxent-oplsaa-MCMC_Trace.png used on input lin
e 496.
(pdftex.def)             Requested size: 213.39566pt x 167.31207pt.

<figures/dirichlet-oplsaa-MCMC_Trace.png, id=67, 526.1256pt x 411.939pt>
File: figures/dirichlet-oplsaa-MCMC_Trace.png Graphic file (type png)

<use figures/dirichlet-oplsaa-MCMC_Trace.png>
Package pdftex.def Info: figures/dirichlet-oplsaa-MCMC_Trace.png used on input 
line 499.
(pdftex.def)             Requested size: 213.39566pt x 167.0858pt.

<figures/MVN-oplsaa-MCMC_Trace.png, id=68, 537.6888pt x 411.939pt>
File: figures/MVN-oplsaa-MCMC_Trace.png Graphic file (type png)

<use figures/MVN-oplsaa-MCMC_Trace.png>
Package pdftex.def Info: figures/MVN-oplsaa-MCMC_Trace.png used on input line 5
03.
(pdftex.def)             Requested size: 213.39566pt x 163.49039pt.

<figures/cross_val_amber96.pdf, id=69, 515.35033pt x 411.80412pt>
File: figures/cross_val_amber96.pdf Graphic file (type pdf)

<use figures/cross_val_amber96.pdf>
Package pdftex.def Info: figures/cross_val_amber96.pdf used on input line 516.
(pdftex.def)             Requested size: 213.39566pt x 170.5185pt.

<figures/cross_val_amber99.pdf, id=70, 515.25623pt x 411.80412pt>
File: figures/cross_val_amber99.pdf Graphic file (type pdf)

<use figures/cross_val_amber99.pdf>
Package pdftex.def Info: figures/cross_val_amber99.pdf used on input line 519.
(pdftex.def)             Requested size: 213.39566pt x 170.54991pt.

<figures/cross_val_amber99sbnmr-ildn.pdf, id=71, 522.89413pt x 411.80412pt>
File: figures/cross_val_amber99sbnmr-ildn.pdf Graphic file (type pdf)

<use figures/cross_val_amber99sbnmr-ildn.pdf>
Package pdftex.def Info: figures/cross_val_amber99sbnmr-ildn.pdf used on input 
line 523.
(pdftex.def)             Requested size: 213.39566pt x 168.05531pt.

<figures/cross_val_charmm27.pdf, id=72, 523.0196pt x 411.80412pt>
File: figures/cross_val_charmm27.pdf Graphic file (type pdf)

<use figures/cross_val_charmm27.pdf>
Package pdftex.def Info: figures/cross_val_charmm27.pdf used on input line 527.

(pdftex.def)             Requested size: 213.39566pt x 168.01762pt.

<figures/cross_val_oplsaa.pdf, id=73, 515.35033pt x 411.80412pt>
File: figures/cross_val_oplsaa.pdf Graphic file (type pdf)

<use figures/cross_val_oplsaa.pdf>
Package pdftex.def Info: figures/cross_val_oplsaa.pdf used on input line 530.
(pdftex.def)             Requested size: 213.39566pt x 170.5185pt.
 [8] [9 <./figures/ALA3_rama_amber96_raw.pdf> <./figures/ALA3_rama_amber96_maxe
nt_belt.pdf

pdfTeX warning: /usr/bin/pdflatex (file ./figures/ALA3_rama_amber96_maxent_belt
.pdf): PDF inclusion: multiple pdfs with page group included in a single page
> <./figures/ALA3_rama_amber96_dirichlet_belt.pdf

pdfTeX warning: /usr/bin/pdflatex (file ./figures/ALA3_rama_amber96_dirichlet_b
elt.pdf): PDF inclusion: multiple pdfs with page group included in a single pag
e
> <./figures/ALA3_rama_amber96_MVN_belt.pdf

pdfTeX warning: /usr/bin/pdflatex (file ./figures/ALA3_rama_amber96_MVN_belt.pd
f): PDF inclusion: multiple pdfs with page group included in a single page
> <./figures/ALA3_rama_colorbar.pdf

pdfTeX warning: /usr/bin/pdflatex (file ./figures/ALA3_rama_colorbar.pdf): PDF 
inclusion: multiple pdfs with page group included in a single page
>] [10 <./figures/ALA3_rama_amber99_raw.pdf> <./figures/ALA3_rama_amber99_maxen
t_belt.pdf

pdfTeX warning: /usr/bin/pdflatex (file ./figures/ALA3_rama_amber99_maxent_belt
.pdf): PDF inclusion: multiple pdfs with page group included in a single page
> <./figures/ALA3_rama_amber99_dirichlet_belt.pdf

pdfTeX warning: /usr/bin/pdflatex (file ./figures/ALA3_rama_amber99_dirichlet_b
elt.pdf): PDF inclusion: multiple pdfs with page group included in a single pag
e
> <./figures/ALA3_rama_amber99_MVN_belt.pdf

pdfTeX warning: /usr/bin/pdflatex (file ./figures/ALA3_rama_amber99_MVN_belt.pd
f): PDF inclusion: multiple pdfs with page group included in a single page
>] [11 <./figures/ALA3_rama_amber99sbnmr-ildn_raw.pdf> <./figures/ALA3_rama_amb
er99sbnmr-ildn_maxent_belt.pdf

pdfTeX warning: /usr/bin/pdflatex (file ./figures/ALA3_rama_amber99sbnmr-ildn_m
axent_belt.pdf): PDF inclusion: multiple pdfs with page group included in a sin
gle page
> <./figures/ALA3_rama_amber99sbnmr-ildn_dirichlet_belt.pdf

pdfTeX warning: /usr/bin/pdflatex (file ./figures/ALA3_rama_amber99sbnmr-ildn_d
irichlet_belt.pdf): PDF inclusion: multiple pdfs with page group included in a 
single page
> <./figures/ALA3_rama_amber99sbnmr-ildn_MVN_belt.pdf

pdfTeX warning: /usr/bin/pdflatex (file ./figures/ALA3_rama_amber99sbnmr-ildn_M
VN_belt.pdf): PDF inclusion: multiple pdfs with page group included in a single
 page
>] [12 <./figures/ALA3_rama_charmm27_raw.pdf> <./figures/ALA3_rama_charmm27_max
ent_belt.pdf

pdfTeX warning: /usr/bin/pdflatex (file ./figures/ALA3_rama_charmm27_maxent_bel
t.pdf): PDF inclusion: multiple pdfs with page group included in a single page
> <./figures/ALA3_rama_charmm27_dirichlet_belt.pdf

pdfTeX warning: /usr/bin/pdflatex (file ./figures/ALA3_rama_charmm27_dirichlet_
belt.pdf): PDF inclusion: multiple pdfs with page group included in a single pa
ge
> <./figures/ALA3_rama_charmm27_MVN_belt.pdf

pdfTeX warning: /usr/bin/pdflatex (file ./figures/ALA3_rama_charmm27_MVN_belt.p
df): PDF inclusion: multiple pdfs with page group included in a single page
>] [13 <./figures/ALA3_rama_oplsaa_raw.pdf> <./figures/ALA3_rama_oplsaa_maxent_
belt.pdf

pdfTeX warning: /usr/bin/pdflatex (file ./figures/ALA3_rama_oplsaa_maxent_belt.
pdf): PDF inclusion: multiple pdfs with page group included in a single page
> <./figures/ALA3_rama_oplsaa_dirichlet_belt.pdf

pdfTeX warning: /usr/bin/pdflatex (file ./figures/ALA3_rama_oplsaa_dirichlet_be
lt.pdf): PDF inclusion: multiple pdfs with page group included in a single page

> <./figures/ALA3_rama_oplsaa_MVN_belt.pdf

pdfTeX warning: /usr/bin/pdflatex (file ./figures/ALA3_rama_oplsaa_MVN_belt.pdf
): PDF inclusion: multiple pdfs with page group included in a single page
>] [14 <./figures/maxent-amber96-MCMC_Trace.png> <./figures/dirichlet-amber96-M
CMC_Trace.png> <./figures/MVN-amber96-MCMC_Trace.png>] [15 <./figures/maxent-am
ber99-MCMC_Trace.png> <./figures/dirichlet-amber99-MCMC_Trace.png> <./figures/M
VN-amber99-MCMC_Trace.png>] [16 <./figures/maxent-amber99sbnmr-ildn-MCMC_Trace.
png> <./figures/dirichlet-amber99sbnmr-ildn-MCMC_Trace.png> <./figures/MVN-ambe
r99sbnmr-ildn-MCMC_Trace.png>] [17 <./figures/maxent-charmm27-MCMC_Trace.png> <
./figures/dirichlet-charmm27-MCMC_Trace.png> <./figures/MVN-charmm27-MCMC_Trace
.png>] [18 <./figures/maxent-oplsaa-MCMC_Trace.png> <./figures/dirichlet-oplsaa
-MCMC_Trace.png> <./figures/MVN-oplsaa-MCMC_Trace.png>] [19 <./figures/cross_va
l_amber96.pdf> <./figures/cross_val_amber99.pdf

pdfTeX warning: /usr/bin/pdflatex (file ./figures/cross_val_amber99.pdf): PDF i
nclusion: multiple pdfs with page group included in a single page
> <./figures/cross_val_amber99sbnmr-ildn.pdf

pdfTeX warning: /usr/bin/pdflatex (file ./figures/cross_val_amber99sbnmr-ildn.p
df): PDF inclusion: multiple pdfs with page group included in a single page
> <./figures/cross_val_charmm27.pdf

pdfTeX warning: /usr/bin/pdflatex (file ./figures/cross_val_charmm27.pdf): PDF 
inclusion: multiple pdfs with page group included in a single page
> <./figures/cross_val_oplsaa.pdf

pdfTeX warning: /usr/bin/pdflatex (file ./figures/cross_val_oplsaa.pdf): PDF in
clusion: multiple pdfs with page group included in a single page
>] [20






] <figures/model_hist-1.pdf, id=1557, 538.86635pt x 434.5422pt>
File: figures/model_hist-1.pdf Graphic file (type pdf)

<use figures/model_hist-1.pdf>
Package pdftex.def Info: figures/model_hist-1.pdf used on input line 603.
(pdftex.def)             Requested size: 142.26378pt x 114.72214pt.

<figures/model_hist0.pdf, id=1558, 538.86635pt x 434.5422pt>
File: figures/model_hist0.pdf Graphic file (type pdf)

<use figures/model_hist0.pdf>
Package pdftex.def Info: figures/model_hist0.pdf used on input line 606.
(pdftex.def)             Requested size: 142.26378pt x 114.72214pt.

<figures/model_hist1.pdf, id=1559, 538.86635pt x 434.5422pt>
File: figures/model_hist1.pdf Graphic file (type pdf)

<use figures/model_hist1.pdf>
Package pdftex.def Info: figures/model_hist1.pdf used on input line 609.
(pdftex.def)             Requested size: 142.26378pt x 114.72214pt.

<figures/model_landscape-1.pdf, id=1560, 527.51143pt x 434.5422pt>
File: figures/model_landscape-1.pdf Graphic file (type pdf)

<use figures/model_landscape-1.pdf>
Package pdftex.def Info: figures/model_landscape-1.pdf used on input line 613.
(pdftex.def)             Requested size: 142.26378pt x 117.18872pt.

<figures/model_landscape0.pdf, id=1561, 527.51143pt x 434.5422pt>
File: figures/model_landscape0.pdf Graphic file (type pdf)

<use figures/model_landscape0.pdf>
Package pdftex.def Info: figures/model_landscape0.pdf used on input line 616.
(pdftex.def)             Requested size: 142.26378pt x 117.18872pt.

<figures/model_landscape1.pdf, id=1562, 527.51143pt x 434.5422pt>
File: figures/model_landscape1.pdf Graphic file (type pdf)

<use figures/model_landscape1.pdf>
Package pdftex.def Info: figures/model_landscape1.pdf used on input line 619.
(pdftex.def)             Requested size: 142.26378pt x 117.18872pt.
 [21] [22 <./figures/model_hist-1.pdf> <./figures/model_hist0.pdf

pdfTeX warning: /usr/bin/pdflatex (file ./figures/model_hist0.pdf): PDF inclusi
on: multiple pdfs with page group included in a single page
> <./figures/model_hist1.pdf

pdfTeX warning: /usr/bin/pdflatex (file ./figures/model_hist1.pdf): PDF inclusi
on: multiple pdfs with page group included in a single page
> <./figures/model_landscape-1.pdf

pdfTeX warning: /usr/bin/pdflatex (file ./figures/model_landscape-1.pdf): PDF i
nclusion: multiple pdfs with page group included in a single page
> <./figures/model_landscape0.pdf

pdfTeX warning: /usr/bin/pdflatex (file ./figures/model_landscape0.pdf): PDF in
clusion: multiple pdfs with page group included in a single page
> <./figures/model_landscape1.pdf

pdfTeX warning: /usr/bin/pdflatex (file ./figures/model_landscape1.pdf): PDF in
clusion: multiple pdfs with page group included in a single page
>] [23] [24]
Overfull \hbox (6.3395pt too wide) in paragraph at lines 752--753
[]\OT1/cmr/m/n/10.95 Thus, BELT is es-sen-tially ex-po-nen-tial av-er-ag-ing ap
-plied to a weighted com-bi-na-tion of experiment-
 []

[25] [26] [27] [28] [29] [30] [31] [32] (./supporting_information.bbl) [33]
(./supporting_information.aux) ) 
Here is how much of TeX's memory you used:
 3960 strings out of 495059
 57945 string characters out of 3182030
 123495 words of memory out of 3000000
 7022 multiletter control sequences out of 15000+200000
 14505 words of font info for 56 fonts, out of 3000000 for 9000
 14 hyphenation exceptions out of 8191
 38i,8n,32p,1015b,281s stack positions out of 5000i,500n,10000p,200000b,50000s
</usr/share/texlive/texmf-dist/fonts/type1/publ
ic/amsfonts/cm/cmbx12.pfb></usr/share/texlive/texmf-dist/fonts/type1/public/ams
fonts/cm/cmex10.pfb></usr/share/texlive/texmf-dist/fonts/type1/public/amsfonts/
cm/cmmi10.pfb></usr/share/texlive/texmf-dist/fonts/type1/public/amsfonts/cm/cmm
i12.pfb></usr/share/texlive/texmf-dist/fonts/type1/public/amsfonts/cm/cmmi6.pfb
></usr/share/texlive/texmf-dist/fonts/type1/public/amsfonts/cm/cmmi8.pfb></usr/
share/texlive/texmf-dist/fonts/type1/public/amsfonts/cm/cmr10.pfb></usr/share/t
exlive/texmf-dist/fonts/type1/public/amsfonts/cm/cmr12.pfb></usr/share/texlive/
texmf-dist/fonts/type1/public/amsfonts/cm/cmr17.pfb></usr/share/texlive/texmf-d
ist/fonts/type1/public/amsfonts/cm/cmr6.pfb></usr/share/texlive/texmf-dist/font
s/type1/public/amsfonts/cm/cmr8.pfb></usr/share/texlive/texmf-dist/fonts/type1/
public/amsfonts/cm/cmsy10.pfb></usr/share/texlive/texmf-dist/fonts/type1/public
/amsfonts/cm/cmsy8.pfb></usr/share/texlive/texmf-dist/fonts/type1/public/amsfon
ts/cm/cmti10.pfb></usr/share/texlive/texmf-dist/fonts/type1/public/amsfonts/cm/
cmti12.pfb></usr/share/texlive/texmf-dist/fonts/type1/public/amsfonts/cm/cmtt10
.pfb>
Output written on supporting_information.pdf (33 pages, 2094395 bytes).
PDF statistics:
 1945 PDF objects out of 2073 (max. 8388607)
 606 compressed objects within 7 object streams
 0 named destinations out of 1000 (max. 500000)
 236 words of extra memory for PDF output out of 10000 (max. 10000000)

